
> tesla-clone@0.1.0 dev
> next dev

▲ Next.js 16.2.4 (Turbopack)
- Local:         http://localhost:3000
- Network:       http://192.168.56.1:3000
✓ Ready in 374ms
Creating turbopack project {
  dir: 'C:\\Users\\parva\\OneDrive\\Desktop\\Project\\Python_Fresh_Start\\tesla-clone',
  testMode: true
}

 GET / 200 in 1965ms (next.js: 1810ms, application-code: 156ms)
 GET / 200 in 56ms (next.js: 4ms, application-code: 51ms)
 GET / 200 in 226ms (next.js: 179ms, application-code: 48ms)
 GET / 200 in 91ms (next.js: 12ms, application-code: 79ms)
 GET / 200 in 91ms (next.js: 45ms, application-code: 46ms)
 GET / 200 in 457ms (next.js: 85ms, application-code: 372ms)
 GET / 200 in 326ms (next.js: 7ms, application-code: 319ms)
✓ Compiled in 41ms
 GET / 200 in 65ms (next.js: 5ms, application-code: 60ms)
 GET / 200 in 60ms (next.js: 7ms, application-code: 54ms)
 GET / 200 in 12ms (next.js: 4ms, application-code: 8ms)
 GET / 200 in 8ms (next.js: 2ms, application-code: 6ms)
 GET / 200 in 8ms (next.js: 2ms, application-code: 6ms)
 GET / 200 in 17ms (next.js: 4ms, application-code: 12ms)
 GET / 200 in 9ms (next.js: 2ms, application-code: 7ms)
 GET / 200 in 11ms (next.js: 3ms, application-code: 8ms)
 GET / 200 in 25ms (next.js: 4ms, application-code: 21ms)
 GET / 200 in 10ms (next.js: 3ms, application-code: 7ms)
✓ Compiled in 65ms
 GET / 200 in 722ms (next.js: 547ms, application-code: 175ms)
 GET / 200 in 136ms (next.js: 5ms, application-code: 131ms)
 GET / 200 in 135ms (next.js: 30ms, application-code: 105ms)
 GET / 200 in 137ms (next.js: 6ms, application-code: 131ms)
 GET / 200 in 136ms (next.js: 46ms, application-code: 90ms)
 GET / 200 in 137ms (next.js: 67ms, application-code: 70ms)
 GET / 200 in 44ms (next.js: 6ms, application-code: 38ms)
 GET / 200 in 236ms (next.js: 4ms, application-code: 232ms)
 GET / 200 in 129ms (next.js: 64ms, application-code: 66ms)
 GET / 200 in 24ms (next.js: 2ms, application-code: 22ms)
 GET /images/hero.jpg 404 in 374ms (next.js: 295ms, application-code: 80ms)
 GET / 200 in 87ms (next.js: 5ms, application-code: 82ms)
 GET /images/hero.jpg 404 in 59ms (next.js: 6ms, application-code: 53ms)
 GET / 200 in 124ms (next.js: 43ms, application-code: 81ms)
 GET / 200 in 51ms (next.js: 4ms, application-code: 46ms)
 GET / 200 in 24ms (next.js: 2ms, application-code: 21ms)
 GET / 200 in 114ms (next.js: 3ms, application-code: 110ms)
 GET /images/hero.jpg 404 in 157ms (next.js: 59ms, application-code: 98ms)
 GET / 200 in 8ms (next.js: 3ms, application-code: 5ms)
 GET / 200 in 22ms (next.js: 3ms, application-code: 19ms)
 GET / 200 in 9ms (next.js: 3ms, application-code: 6ms)
 GET / 200 in 12ms (next.js: 4ms, application-code: 8ms)
 GET / 200 in 7ms (next.js: 3ms, application-code: 4ms)
 GET / 200 in 10ms (next.js: 3ms, application-code: 6ms)
 GET / 200 in 8ms (next.js: 2ms, application-code: 6ms)
 GET / 200 in 10ms (next.js: 3ms, application-code: 7ms)
 GET / 200 in 25ms (next.js: 3ms, application-code: 22ms)
 GET / 200 in 15ms (next.js: 5ms, application-code: 9ms)
 GET / 200 in 8ms (next.js: 2ms, application-code: 5ms)
 GET / 200 in 11ms (next.js: 2ms, application-code: 8ms)
 GET / 200 in 9ms (next.js: 3ms, application-code: 6ms)
 GET / 200 in 12ms (next.js: 1852µs, application-code: 11ms)
 GET / 200 in 13ms (next.js: 3ms, application-code: 10ms)
 GET / 200 in 11ms (next.js: 3ms, application-code: 8ms)
✓ Compiled in 23ms
 GET / 200 in 442ms (next.js: 218ms, application-code: 224ms)
 GET / 200 in 187ms (next.js: 3ms, application-code: 184ms)
 GET / 200 in 156ms (next.js: 6ms, application-code: 150ms)
 GET / 200 in 156ms (next.js: 32ms, application-code: 124ms)
 GET / 200 in 157ms (next.js: 49ms, application-code: 108ms)
 GET / 200 in 101ms (next.js: 2ms, application-code: 99ms)
 GET / 200 in 69ms (next.js: 4ms, application-code: 65ms)
 GET / 200 in 38ms (next.js: 8ms, application-code: 30ms)
 GET / 200 in 201ms (next.js: 5ms, application-code: 196ms)
 GET /images/hero.jpg 404 in 381ms (next.js: 125ms, application-code: 256ms)
 GET /images/travel-safer.jpg 404 in 374ms (next.js: 258ms, application-code: 116ms)
 GET /images/american-heroes.jpg 404 in 378ms (next.js: 237ms, application-code: 141ms)
 GET /images/current-offers.jpg 404 in 381ms (next.js: 215ms, application-code: 166ms)
 GET /images/standard-features.jpg 404 in 375ms (next.js: 278ms, application-code: 97ms)
 GET / 200 in 15ms (next.js: 4ms, application-code: 11ms)
 GET / 200 in 73ms (next.js: 4ms, application-code: 69ms)
 GET /images/hero.jpg 404 in 254ms (next.js: 9ms, application-code: 244ms)
 GET /images/current-offers.jpg 404 in 261ms (next.js: 59ms, application-code: 202ms)
 GET /images/travel-safer.jpg 404 in 236ms (next.js: 99ms, application-code: 137ms)
 GET /images/american-heroes.jpg 404 in 239ms (next.js: 77ms, application-code: 162ms)
 GET /images/standard-features.jpg 404 in 216ms (next.js: 132ms, application-code: 83ms)
 GET / 200 in 11ms (next.js: 5ms, application-code: 7ms)
 GET / 200 in 9ms (next.js: 2ms, application-code: 6ms)
 GET / 200 in 55ms (next.js: 2ms, application-code: 52ms)
 GET /images/hero.jpg 404 in 264ms (next.js: 9ms, application-code: 255ms)
 GET /images/current-offers.jpg 404 in 239ms (next.js: 33ms, application-code: 206ms)
 GET /images/american-heroes.jpg 404 in 193ms (next.js: 41ms, application-code: 152ms)
 GET /images/standard-features.jpg 404 in 189ms (next.js: 87ms, application-code: 102ms)
 GET /images/travel-safer.jpg 404 in 194ms (next.js: 63ms, application-code: 131ms)
 GET / 200 in 11ms (next.js: 3ms, application-code: 9ms)
 GET / 200 in 11ms (next.js: 2ms, application-code: 8ms)
 GET / 200 in 7ms (next.js: 2ms, application-code: 5ms)
 GET / 200 in 7ms (next.js: 2ms, application-code: 4ms)
 GET / 200 in 8ms (next.js: 3ms, application-code: 5ms)
 GET / 200 in 20ms (next.js: 2ms, application-code: 18ms)
 GET / 200 in 9ms (next.js: 3ms, application-code: 6ms)
 GET / 200 in 9ms (next.js: 3ms, application-code: 6ms)
 GET / 200 in 8ms (next.js: 3ms, application-code: 5ms)
 GET / 200 in 8ms (next.js: 3ms, application-code: 5ms)
 GET / 200 in 14ms (next.js: 3ms, application-code: 11ms)
 GET / 200 in 8ms (next.js: 3ms, application-code: 5ms)
 GET / 200 in 6ms (next.js: 2ms, application-code: 4ms)
 GET / 200 in 24ms (next.js: 3ms, application-code: 21ms)
 GET / 200 in 9ms (next.js: 4ms, application-code: 6ms)
 GET / 200 in 16ms (next.js: 4ms, application-code: 11ms)
 GET / 200 in 28ms (next.js: 3ms, application-code: 25ms)
 GET / 200 in 17ms (next.js: 6ms, application-code: 10ms)
 GET / 200 in 27ms (next.js: 2ms, application-code: 25ms)
 GET / 200 in 16ms (next.js: 4ms, application-code: 11ms)
 GET / 200 in 11ms (next.js: 4ms, application-code: 7ms)
 GET / 200 in 14ms (next.js: 3ms, application-code: 11ms)
 GET / 200 in 11ms (next.js: 4ms, application-code: 7ms)
 GET / 200 in 66ms (next.js: 3ms, application-code: 63ms)
 GET /images/hero.jpg 404 in 257ms (next.js: 11ms, application-code: 247ms)
 GET /images/current-offers.jpg 404 in 260ms (next.js: 56ms, application-code: 204ms)
 GET /images/american-heroes.jpg 404 in 255ms (next.js: 108ms, application-code: 147ms)
 GET /images/travel-safer.jpg 404 in 185ms (next.js: 112ms, application-code: 73ms)
 GET /images/standard-features.jpg 404 in 153ms (next.js: 111ms, application-code: 42ms)
 GET / 200 in 7ms (next.js: 2ms, application-code: 4ms)
 GET / 200 in 9ms (next.js: 2ms, application-code: 6ms)
 GET / 200 in 6ms (next.js: 3ms, application-code: 4ms)
 GET / 200 in 13ms (next.js: 4ms, application-code: 9ms)
 GET / 200 in 25ms (next.js: 3ms, application-code: 22ms)
 GET / 200 in 8ms (next.js: 2ms, application-code: 6ms)
 GET / 200 in 9ms (next.js: 2ms, application-code: 6ms)
 GET / 200 in 12ms (next.js: 3ms, application-code: 9ms)
 GET / 200 in 7ms (next.js: 2ms, application-code: 5ms)
 GET / 200 in 10ms (next.js: 3ms, application-code: 7ms)
 GET / 200 in 8ms (next.js: 2ms, application-code: 6ms)
 GET / 200 in 10ms (next.js: 3ms, application-code: 7ms)
✓ Compiled in 178ms
 GET / 200 in 588ms (next.js: 133ms, application-code: 455ms)
 GET / 200 in 370ms (next.js: 103ms, application-code: 266ms)
 GET / 200 in 203ms (next.js: 5ms, application-code: 198ms)
 GET / 200 in 205ms (next.js: 40ms, application-code: 165ms)
 GET / 200 in 207ms (next.js: 75ms, application-code: 132ms)
 GET / 200 in 208ms (next.js: 116ms, application-code: 92ms)
 GET / 200 in 99ms (next.js: 5ms, application-code: 95ms)
 GET / 200 in 58ms (next.js: 8ms, application-code: 49ms)
 GET / 200 in 323ms (next.js: 3ms, application-code: 321ms)
 GET /images/solar-panels.jpg 404 in 278ms (next.js: 118ms, application-code: 160ms)
 GET /images/powerwall.jpg 404 in 274ms (next.js: 221ms, application-code: 53ms)
 GET / 200 in 69ms (next.js: 3ms, application-code: 66ms)
 GET /images/hero.jpg 404 in 324ms (next.js: 11ms, application-code: 313ms)
 GET /images/current-offers.jpg 404 in 301ms (next.js: 44ms, application-code: 257ms)
 GET /images/travel-safer.jpg 404 in 279ms (next.js: 110ms, application-code: 169ms)
 GET /images/american-heroes.jpg 404 in 282ms (next.js: 85ms, application-code: 197ms)
 GET /images/standard-features.jpg 404 in 280ms (next.js: 172ms, application-code: 107ms)
 GET /images/solar-panels.jpg 404 in 281ms (next.js: 193ms, application-code: 88ms)
 GET /images/powerwall.jpg 404 in 69ms (next.js: 10ms, application-code: 58ms)
 GET / 200 in 14ms (next.js: 3ms, application-code: 11ms)
 GET / 200 in 30ms (next.js: 4ms, application-code: 27ms)
 GET / 200 in 15ms (next.js: 4ms, application-code: 11ms)
 GET / 200 in 16ms (next.js: 5ms, application-code: 11ms)
 GET / 200 in 8ms (next.js: 3ms, application-code: 6ms)
 GET / 200 in 6ms (next.js: 2ms, application-code: 4ms)
 GET / 200 in 13ms (next.js: 4ms, application-code: 9ms)
 GET / 200 in 12ms (next.js: 1863µs, application-code: 11ms)
 GET / 200 in 11ms (next.js: 2ms, application-code: 9ms)
✓ Compiled in 316ms
 GET / 500 in 1509ms (next.js: 1306ms, application-code: 203ms)
 GET / 500 in 46ms (next.js: 31ms, application-code: 15ms)
 GET / 500 in 22ms (next.js: 9ms, application-code: 13ms)
 GET / 500 in 17ms (next.js: 8ms, application-code: 9ms)
✓ Compiled in 329ms
 GET / 200 in 236ms (next.js: 96ms, application-code: 139ms)
 GET / 200 in 94ms (next.js: 4ms, application-code: 90ms)
 GET /energy 404 in 140ms (next.js: 116ms, application-code: 24ms)
 GET /energy 404 in 125ms (next.js: 3ms, application-code: 122ms)
 GET /vehicles 404 in 15ms (next.js: 5ms, application-code: 10ms)
 GET /vehicles 404 in 53ms (next.js: 4ms, application-code: 49ms)
 GET /charging 404 in 13ms (next.js: 4ms, application-code: 8ms)
 GET /charging 404 in 56ms (next.js: 5ms, application-code: 51ms)
 GET /discover 404 in 11ms (next.js: 4ms, application-code: 7ms)
 GET /discover 404 in 49ms (next.js: 4ms, application-code: 44ms)
 GET /shop 404 in 16ms (next.js: 6ms, application-code: 10ms)
 GET /shop 404 in 59ms (next.js: 7ms, application-code: 53ms)
 GET /vehicles 404 in 9ms (next.js: 4ms, application-code: 5ms)
 GET /vehicles 404 in 42ms (next.js: 5ms, application-code: 37ms)
 GET / 200 in 34ms (next.js: 3ms, application-code: 31ms)
 GET /vehicles 404 in 31ms (next.js: 6ms, application-code: 25ms)
 GET /vehicles 404 in 53ms (next.js: 4ms, application-code: 49ms)
 GET / 200 in 38ms (next.js: 2ms, application-code: 36ms)
 GET /energy 404 in 30ms (next.js: 5ms, application-code: 25ms)
 GET /energy 404 in 50ms (next.js: 4ms, application-code: 47ms)
 GET / 200 in 29ms (next.js: 3ms, application-code: 26ms)
 GET /energy 404 in 34ms (next.js: 6ms, application-code: 28ms)
 GET /energy 404 in 54ms (next.js: 6ms, application-code: 49ms)
 GET / 200 in 29ms (next.js: 3ms, application-code: 26ms)
 GET / 200 in 7ms (next.js: 2ms, application-code: 4ms)
 GET / 200 in 27ms (next.js: 3ms, application-code: 25ms)
 GET /vehicles 404 in 25ms (next.js: 4ms, application-code: 20ms)
 GET /vehicles 404 in 57ms (next.js: 4ms, application-code: 53ms)
 GET / 200 in 37ms (next.js: 3ms, application-code: 33ms)
 GET /discover 404 in 35ms (next.js: 8ms, application-code: 27ms)
 GET /discover 404 in 57ms (next.js: 7ms, application-code: 50ms)
 GET / 200 in 34ms (next.js: 4ms, application-code: 29ms)
 GET /charging 404 in 23ms (next.js: 5ms, application-code: 19ms)
 GET /charging 404 in 56ms (next.js: 7ms, application-code: 49ms)
 GET / 200 in 39ms (next.js: 2ms, application-code: 37ms)
✓ Compiled in 44ms
✓ Compiled in 54ms
 GET / 200 in 982ms (next.js: 156ms, application-code: 825ms)
 GET / 200 in 743ms (next.js: 169ms, application-code: 574ms)
 GET / 200 in 414ms (next.js: 263ms, application-code: 150ms)
 GET / 200 in 417ms (next.js: 222ms, application-code: 195ms)
 GET / 200 in 418ms (next.js: 149ms, application-code: 268ms)
 GET / 200 in 419ms (next.js: 319ms, application-code: 100ms)
 GET / 200 in 227ms (next.js: 5ms, application-code: 222ms)
 GET / 200 in 239ms (next.js: 7ms, application-code: 232ms)
 GET / 200 in 205ms (next.js: 9ms, application-code: 196ms)
 GET / 200 in 207ms (next.js: 37ms, application-code: 170ms)
 GET / 200 in 207ms (next.js: 69ms, application-code: 138ms)
 GET / 200 in 239ms (next.js: 97ms, application-code: 143ms)
 GET / 200 in 259ms (next.js: 4ms, application-code: 255ms)
 GET / 200 in 225ms (next.js: 8ms, application-code: 217ms)
 GET / 200 in 190ms (next.js: 9ms, application-code: 180ms)
 GET / 200 in 187ms (next.js: 30ms, application-code: 157ms)
 GET / 200 in 189ms (next.js: 5ms, application-code: 184ms)
 GET / 200 in 195ms (next.js: 69ms, application-code: 126ms)
 GET / 200 in 202ms (next.js: 4ms, application-code: 198ms)
 GET / 200 in 212ms (next.js: 5ms, application-code: 206ms)
 GET / 200 in 173ms (next.js: 6ms, application-code: 167ms)
 GET / 200 in 171ms (next.js: 23ms, application-code: 148ms)
 GET / 200 in 182ms (next.js: 37ms, application-code: 145ms)
 GET / 200 in 125ms (next.js: 7ms, application-code: 118ms)
 GET / 200 in 225ms (next.js: 5ms, application-code: 220ms)
 GET / 200 in 223ms (next.js: 8ms, application-code: 215ms)
 GET / 200 in 182ms (next.js: 6ms, application-code: 176ms)
 GET / 200 in 214ms (next.js: 39ms, application-code: 174ms)
 GET / 200 in 180ms (next.js: 24ms, application-code: 157ms)
 GET / 200 in 148ms (next.js: 9ms, application-code: 140ms)
 GET / 200 in 129ms (next.js: 5ms, application-code: 124ms)
 GET / 200 in 171ms (next.js: 4ms, application-code: 167ms)
 GET / 200 in 136ms (next.js: 3ms, application-code: 133ms)
 GET / 200 in 154ms (next.js: 3ms, application-code: 151ms)
 GET / 200 in 208ms (next.js: 2ms, application-code: 205ms)
 GET / 200 in 209ms (next.js: 21ms, application-code: 187ms)
 GET / 200 in 191ms (next.js: 41ms, application-code: 150ms)
 GET / 200 in 216ms (next.js: 1901µs, application-code: 214ms)
 GET / 200 in 188ms (next.js: 12ms, application-code: 175ms)
 GET / 200 in 185ms (next.js: 5ms, application-code: 180ms)
 GET / 200 in 167ms (next.js: 67ms, application-code: 100ms)
 GET / 200 in 169ms (next.js: 4ms, application-code: 165ms)
 GET / 200 in 202ms (next.js: 34ms, application-code: 168ms)
 GET / 200 in 184ms (next.js: 5ms, application-code: 179ms)
 GET / 200 in 143ms (next.js: 4ms, application-code: 139ms)
 GET / 200 in 116ms (next.js: 5ms, application-code: 110ms)
 GET / 200 in 79ms (next.js: 3ms, application-code: 76ms)
 GET / 200 in 79ms (next.js: 40ms, application-code: 40ms)
 GET / 200 in 202ms (next.js: 6ms, application-code: 196ms)
 GET /charging 200 in 431ms (next.js: 376ms, application-code: 55ms)
 GET /energy 200 in 348ms (next.js: 309ms, application-code: 39ms)
 GET /charging 200 in 37ms (next.js: 3ms, application-code: 34ms)
 GET /discover 200 in 336ms (next.js: 295ms, application-code: 41ms)
 GET /shop 200 in 328ms (next.js: 291ms, application-code: 38ms)
✓ Compiled in 246ms
✓ Compiled in 12ms
 GET /shop 500 in 2.1s (next.js: 2.0s, application-code: 31ms)
 GET /shop 200 in 2.1s (next.js: 1314ms, application-code: 748ms)
 GET /images/shop-page.jpg 404 in 208ms (next.js: 85ms, application-code: 124ms)
 GET /energy 200 in 93ms (next.js: 66ms, application-code: 27ms)
 GET /images/energy-page.jpg 404 in 61ms (next.js: 5ms, application-code: 56ms)
 GET /vehicles 200 in 339ms (next.js: 312ms, application-code: 27ms)
 GET /images/vehicles-page.jpg 404 in 55ms (next.js: 4ms, application-code: 50ms)
 GET /charging 200 in 155ms (next.js: 103ms, application-code: 52ms)
 GET /images/charging-page.jpg 404 in 92ms (next.js: 6ms, application-code: 86ms)
 GET /discover 200 in 135ms (next.js: 91ms, application-code: 44ms)
 GET /images/discover-page.jpg 404 in 47ms (next.js: 6ms, application-code: 41ms)
 GET /shop 200 in 116ms (next.js: 85ms, application-code: 30ms)
 GET /images/shop-page.jpg 404 in 47ms (next.js: 4ms, application-code: 43ms)
 GET /charging 200 in 35ms (next.js: 2ms, application-code: 32ms)
 GET /images/charging-page.jpg 404 in 57ms (next.js: 5ms, application-code: 52ms)
 GET /charging 200 in 124ms (next.js: 2ms, application-code: 121ms)
 GET /images/charging-page.jpg 404 in 75ms (next.js: 7ms, application-code: 68ms)
 GET /vehicles 200 in 17ms (next.js: 3ms, application-code: 15ms)
 GET /images/vehicles-page.jpg 404 in 61ms (next.js: 3ms, application-code: 58ms)
 GET / 200 in 218ms (next.js: 105ms, application-code: 113ms)
 GET /images/american-heroes.jpg 404 in 425ms (next.js: 118ms, application-code: 306ms)
 GET /images/current-offers.jpg 404 in 429ms (next.js: 78ms, application-code: 352ms)
 GET /images/hero.jpg 404 in 437ms (next.js: 30ms, application-code: 407ms)
 GET /images/standard-features.jpg 404 in 191ms (next.js: 47ms, application-code: 144ms)
 GET /images/travel-safer.jpg 404 in 194ms (next.js: 27ms, application-code: 166ms)
 GET /images/solar-panels.jpg 404 in 194ms (next.js: 68ms, application-code: 126ms)
 GET /images/powerwall.jpg 404 in 72ms (next.js: 9ms, application-code: 62ms)
 GET /energy 200 in 25ms (next.js: 4ms, application-code: 22ms)
 GET /images/energy-page.jpg 404 in 57ms (next.js: 7ms, application-code: 50ms)
 GET / 200 in 31ms (next.js: 2ms, application-code: 28ms)
 GET /images/hero.jpg 404 in 286ms (next.js: 18ms, application-code: 267ms)
 GET /images/current-offers.jpg 404 in 290ms (next.js: 52ms, application-code: 238ms)
 GET /images/american-heroes.jpg 404 in 286ms (next.js: 80ms, application-code: 206ms)
 GET /images/travel-safer.jpg 404 in 230ms (next.js: 72ms, application-code: 158ms)
 GET /images/standard-features.jpg 404 in 215ms (next.js: 103ms, application-code: 112ms)
 GET /images/solar-panels.jpg 404 in 216ms (next.js: 116ms, application-code: 100ms)
 GET /images/powerwall.jpg 404 in 87ms (next.js: 7ms, application-code: 80ms)
 GET /vehicles 200 in 26ms (next.js: 3ms, application-code: 22ms)
 GET /images/vehicles-page.jpg 404 in 39ms (next.js: 5ms, application-code: 34ms)
 GET / 200 in 31ms (next.js: 2ms, application-code: 29ms)
 GET /images/hero.jpg 404 in 266ms (next.js: 18ms, application-code: 249ms)
 GET /images/standard-features.jpg 404 in 263ms (next.js: 111ms, application-code: 152ms)
 GET /images/travel-safer.jpg 404 in 264ms (next.js: 95ms, application-code: 170ms)
 GET /images/american-heroes.jpg 404 in 266ms (next.js: 74ms, application-code: 192ms)
 GET /images/current-offers.jpg 404 in 268ms (next.js: 57ms, application-code: 211ms)
 GET /images/solar-panels.jpg 404 in 265ms (next.js: 132ms, application-code: 134ms)
 GET /images/powerwall.jpg 404 in 77ms (next.js: 7ms, application-code: 70ms)
✓ Compiled in 130ms
 GET / 200 in 561ms (next.js: 169ms, application-code: 392ms)
 GET / 200 in 49ms (next.js: 9ms, application-code: 40ms)
 GET / 200 in 596ms (next.js: 236ms, application-code: 359ms)
 GET /images/hero.jpg 404 in 274ms (next.js: 96ms, application-code: 178ms)
 GET /images/current-offers.jpg 404 in 274ms (next.js: 212ms, application-code: 62ms)
 GET /images/american-heroes.jpg 404 in 117ms (next.js: 12ms, application-code: 105ms)
 GET /images/travel-safer.jpg 404 in 126ms (next.js: 11ms, application-code: 115ms)
 GET /images/standard-features.jpg 404 in 171ms (next.js: 49ms, application-code: 122ms)
 GET /images/solar-panels.jpg 404 in 115ms (next.js: 10ms, application-code: 105ms)
 GET /images/powerwall.jpg 404 in 60ms (next.js: 5ms, application-code: 55ms)
✓ Compiled in 30ms
 GET / 200 in 209ms (next.js: 141ms, application-code: 68ms)
✓ Compiled in 29ms
 GET / 200 in 190ms (next.js: 129ms, application-code: 61ms)
 GET / 200 in 215ms (next.js: 3ms, application-code: 213ms)
 GET /images/hero.jpg 404 in 361ms (next.js: 29ms, application-code: 333ms)
 GET /images/current-offers.jpg 404 in 370ms (next.js: 84ms, application-code: 287ms)
 GET /images/american-heroes.jpg 404 in 369ms (next.js: 151ms, application-code: 218ms)
 GET /images/travel-safer.jpg 404 in 267ms (next.js: 112ms, application-code: 155ms)
 GET /images/standard-features.jpg 404 in 235ms (next.js: 114ms, application-code: 121ms)
 GET /images/solar-panels.jpg 404 in 234ms (next.js: 137ms, application-code: 97ms)
 GET /images/powerwall.jpg 404 in 119ms (next.js: 8ms, application-code: 111ms)
 GET /energy 200 in 139ms (next.js: 100ms, application-code: 39ms)
 GET /images/energy-page.jpg 404 in 36ms (next.js: 3ms, application-code: 32ms)
 GET /vehicles 200 in 131ms (next.js: 98ms, application-code: 33ms)
 GET /images/vehicles-page.jpg 404 in 30ms (next.js: 3ms, application-code: 27ms)
 GET / 200 in 20ms (next.js: 2ms, application-code: 18ms)
 GET /images/hero.jpg 404 in 324ms (next.js: 8ms, application-code: 316ms)
 GET /images/standard-features.jpg 404 in 325ms (next.js: 72ms, application-code: 253ms)
 GET /images/travel-safer.jpg 404 in 322ms (next.js: 108ms, application-code: 214ms)
 GET /images/american-heroes.jpg 404 in 325ms (next.js: 96ms, application-code: 230ms)
 GET /images/current-offers.jpg 404 in 355ms (next.js: 105ms, application-code: 250ms)
 GET /images/solar-panels.jpg 404 in 291ms (next.js: 169ms, application-code: 121ms)
 GET /images/powerwall.jpg 404 in 61ms (next.js: 6ms, application-code: 54ms)
 GET / 200 in 87ms (next.js: 4ms, application-code: 83ms)
 GET /images/hero.jpg 404 in 306ms (next.js: 12ms, application-code: 294ms)
 GET /images/current-offers.jpg 404 in 302ms (next.js: 61ms, application-code: 241ms)
 GET /images/standard-features.jpg 404 in 272ms (next.js: 121ms, application-code: 151ms)
 GET /images/travel-safer.jpg 404 in 274ms (next.js: 104ms, application-code: 170ms)
 GET /images/american-heroes.jpg 404 in 276ms (next.js: 82ms, application-code: 194ms)
 GET /images/solar-panels.jpg 404 in 204ms (next.js: 124ms, application-code: 79ms)
 GET /images/powerwall.jpg 404 in 52ms (next.js: 8ms, application-code: 44ms)
 GET /energy 200 in 24ms (next.js: 3ms, application-code: 21ms)
 GET /images/energy-page.jpg 404 in 50ms (next.js: 4ms, application-code: 46ms)
 GET /charging 200 in 166ms (next.js: 108ms, application-code: 58ms)
 GET /images/charging-page.jpg 404 in 51ms (next.js: 4ms, application-code: 47ms)
 GET /discover 200 in 156ms (next.js: 117ms, application-code: 40ms)
 GET /images/discover-page.jpg 404 in 56ms (next.js: 5ms, application-code: 51ms)
 GET /shop 200 in 132ms (next.js: 99ms, application-code: 34ms)
 GET /images/shop-page.jpg 404 in 47ms (next.js: 3ms, application-code: 44ms)
 GET /vehicles 200 in 19ms (next.js: 2ms, application-code: 17ms)
 GET /images/vehicles-page.jpg 404 in 57ms (next.js: 5ms, application-code: 52ms)
✓ Compiled in 191ms
 GET /vehicles 200 in 418ms (next.js: 118ms, application-code: 301ms)
 GET /vehicles 200 in 217ms (next.js: 4ms, application-code: 213ms)
 GET /vehicles 200 in 156ms (next.js: 96ms, application-code: 60ms)
 GET /vehicles 200 in 159ms (next.js: 5ms, application-code: 154ms)
 GET /vehicles 200 in 159ms (next.js: 48ms, application-code: 111ms)
 GET /vehicles 200 in 255ms (next.js: 126ms, application-code: 129ms)
 GET /vehicles 200 in 57ms (next.js: 3ms, application-code: 54ms)
 GET /images/vehicles-page.jpg 404 in 506ms (next.js: 126ms, application-code: 380ms)
 GET /images/model-s.jpg 404 in 236ms (next.js: 24ms, application-code: 212ms)
 GET /images/model-3.jpg 404 in 307ms (next.js: 44ms, application-code: 264ms)
 GET /images/model-x.jpg 404 in 309ms (next.js: 74ms, application-code: 235ms)
 GET /images/model-y.jpg 404 in 312ms (next.js: 97ms, application-code: 215ms)
 GET /images/cybertruck.jpg 404 in 318ms (next.js: 176ms, application-code: 142ms)
 GET /vehicles 200 in 186ms (next.js: 11ms, application-code: 175ms)
 GET /images/vehicles-page.jpg 404 in 66ms (next.js: 6ms, application-code: 60ms)
 GET /images/model-s.jpg 404 in 279ms (next.js: 18ms, application-code: 261ms)
 GET /images/model-3.jpg 404 in 282ms (next.js: 44ms, application-code: 239ms)
 GET /images/model-x.jpg 404 in 284ms (next.js: 115ms, application-code: 168ms)
 GET /images/model-y.jpg 404 in 284ms (next.js: 133ms, application-code: 151ms)
 GET /images/cybertruck.jpg 404 in 294ms (next.js: 232ms, application-code: 62ms)
 GET /energy 200 in 59ms (next.js: 32ms, application-code: 27ms)
 GET /images/energy-page.jpg 404 in 52ms (next.js: 3ms, application-code: 48ms)
 GET /charging 200 in 59ms (next.js: 33ms, application-code: 26ms)
 GET /images/charging-page.jpg 404 in 36ms (next.js: 3ms, application-code: 33ms)
 GET /discover 200 in 58ms (next.js: 36ms, application-code: 22ms)
 GET /images/discover-page.jpg 404 in 82ms (next.js: 7ms, application-code: 75ms)
 GET /shop 200 in 59ms (next.js: 30ms, application-code: 29ms)
 GET /images/shop-page.jpg 404 in 49ms (next.js: 3ms, application-code: 47ms)
 GET / 200 in 69ms (next.js: 32ms, application-code: 36ms)
 GET /images/hero.jpg 404 in 257ms (next.js: 12ms, application-code: 245ms)
 GET /images/american-heroes.jpg 404 in 261ms (next.js: 56ms, application-code: 205ms)
 GET /images/current-offers.jpg 404 in 263ms (next.js: 46ms, application-code: 217ms)
 GET /images/standard-features.jpg 404 in 194ms (next.js: 60ms, application-code: 134ms)
 GET /images/travel-safer.jpg 404 in 196ms (next.js: 42ms, application-code: 154ms)
 GET /images/solar-panels.jpg 404 in 183ms (next.js: 83ms, application-code: 101ms)
 GET /images/powerwall.jpg 404 in 54ms (next.js: 4ms, application-code: 50ms)
 GET /energy 200 in 25ms (next.js: 4ms, application-code: 21ms)
 GET /images/energy-page.jpg 404 in 63ms (next.js: 8ms, application-code: 55ms)
 GET /energy 200 in 68ms (next.js: 4ms, application-code: 63ms)
 GET /images/energy-page.jpg 404 in 58ms (next.js: 10ms, application-code: 48ms)
 GET /vehicles 200 in 55ms (next.js: 4ms, application-code: 51ms)
 GET /images/model-s.jpg 404 in 118ms (next.js: 23ms, application-code: 96ms)
 GET /images/model-3.jpg 404 in 121ms (next.js: 38ms, application-code: 83ms)
 GET /images/model-x.jpg 404 in 141ms (next.js: 81ms, application-code: 60ms)
 GET /images/vehicles-page.jpg 404 in 191ms (next.js: 9ms, application-code: 182ms)
 GET /images/model-y.jpg 404 in 80ms (next.js: 14ms, application-code: 66ms)
 GET /images/cybertruck.jpg 404 in 82ms (next.js: 43ms, application-code: 40ms)
 GET /vehicles/model-s 404 in 34ms (next.js: 8ms, application-code: 27ms)
 GET /vehicles/model-s 404 in 44ms (next.js: 6ms, application-code: 38ms)
 GET /vehicles 200 in 46ms (next.js: 4ms, application-code: 42ms)
 GET /images/model-s.jpg 404 in 182ms (next.js: 54ms, application-code: 127ms)
 GET /images/model-3.jpg 404 in 184ms (next.js: 76ms, application-code: 108ms)
 GET /images/model-x.jpg 404 in 213ms (next.js: 120ms, application-code: 93ms)
 GET /images/vehicles-page.jpg 404 in 238ms (next.js: 6ms, application-code: 231ms)
 GET /images/model-y.jpg 404 in 110ms (next.js: 32ms, application-code: 78ms)
 GET /images/cybertruck.jpg 404 in 95ms (next.js: 42ms, application-code: 53ms)
 GET / 200 in 35ms (next.js: 6ms, application-code: 30ms)
 GET /images/hero.jpg 404 in 208ms (next.js: 14ms, application-code: 194ms)
 GET /images/american-heroes.jpg 404 in 209ms (next.js: 66ms, application-code: 143ms)
 GET /images/current-offers.jpg 404 in 212ms (next.js: 45ms, application-code: 167ms)
 GET /images/travel-safer.jpg 404 in 155ms (next.js: 43ms, application-code: 112ms)
 GET /images/standard-features.jpg 404 in 121ms (next.js: 35ms, application-code: 86ms)
 GET /images/solar-panels.jpg 404 in 118ms (next.js: 71ms, application-code: 47ms)
 GET /images/powerwall.jpg 404 in 31ms (next.js: 4ms, application-code: 27ms)
 GET /vehicles 200 in 45ms (next.js: 2ms, application-code: 42ms)
 GET /images/model-x.jpg 404 in 190ms (next.js: 41ms, application-code: 150ms)
 GET /images/model-y.jpg 404 in 194ms (next.js: 71ms, application-code: 123ms)
 GET /images/model-s.jpg 404 in 170ms (next.js: 62ms, application-code: 109ms)
 GET /images/model-3.jpg 404 in 171ms (next.js: 74ms, application-code: 97ms)
 GET /images/cybertruck.jpg 404 in 173ms (next.js: 86ms, application-code: 87ms)
 GET /images/vehicles-page.jpg 404 in 209ms (next.js: 11ms, application-code: 198ms)
 GET / 200 in 49ms (next.js: 5ms, application-code: 44ms)
 GET /images/hero.jpg 404 in 204ms (next.js: 13ms, application-code: 192ms)
 GET /images/current-offers.jpg 404 in 200ms (next.js: 39ms, application-code: 161ms)
 GET /images/travel-safer.jpg 404 in 170ms (next.js: 46ms, application-code: 124ms)
 GET /images/american-heroes.jpg 404 in 171ms (next.js: 33ms, application-code: 138ms)
 GET /images/standard-features.jpg 404 in 172ms (next.js: 63ms, application-code: 109ms)
 GET /images/solar-panels.jpg 404 in 172ms (next.js: 77ms, application-code: 95ms)
 GET /images/powerwall.jpg 404 in 49ms (next.js: 7ms, application-code: 42ms)
✓ Compiled in 276ms
 GET / 200 in 298ms (next.js: 29ms, application-code: 269ms)
 GET / 200 in 441ms (next.js: 80ms, application-code: 362ms)
 GET / 200 in 299ms (next.js: 210ms, application-code: 90ms)
 GET / 200 in 58ms (next.js: 4ms, application-code: 54ms)
 GET / 200 in 824ms (next.js: 275ms, application-code: 549ms)
 GET / 200 in 307ms (next.js: 4ms, application-code: 303ms)
 GET /images/current-offers.jpg 404 in 180ms (next.js: 73ms, application-code: 107ms)
 GET /images/hero.jpg 404 in 182ms (next.js: 18ms, application-code: 164ms)
 GET /images/american-heroes.jpg 404 in 69ms (next.js: 4ms, application-code: 65ms)
 GET /images/standard-features.jpg 404 in 115ms (next.js: 29ms, application-code: 87ms)
 GET /images/travel-safer.jpg 404 in 117ms (next.js: 9ms, application-code: 108ms)
 GET /images/solar-panels.jpg 404 in 41ms (next.js: 7ms, application-code: 34ms)
 GET /images/powerwall.jpg 404 in 60ms (next.js: 4ms, application-code: 56ms)
 GET / 200 in 103ms (next.js: 5ms, application-code: 98ms)
 GET /images/hero.jpg 404 in 361ms (next.js: 14ms, application-code: 347ms)
 GET /images/current-offers.jpg 404 in 365ms (next.js: 67ms, application-code: 298ms)
 GET /images/travel-safer.jpg 404 in 329ms (next.js: 109ms, application-code: 220ms)
 GET /images/american-heroes.jpg 404 in 331ms (next.js: 85ms, application-code: 247ms)
 GET /images/solar-panels.jpg 404 in 280ms (next.js: 161ms, application-code: 119ms)
 GET /images/standard-features.jpg 404 in 282ms (next.js: 143ms, application-code: 139ms)
 GET /images/powerwall.jpg 404 in 64ms (next.js: 6ms, application-code: 58ms)
 GET / 200 in 75ms (next.js: 7ms, application-code: 68ms)
 GET /images/hero.jpg 404 in 303ms (next.js: 18ms, application-code: 285ms)
 GET /images/standard-features.jpg 404 in 291ms (next.js: 137ms, application-code: 154ms)
 GET /images/travel-safer.jpg 404 in 293ms (next.js: 114ms, application-code: 179ms)
 GET /images/american-heroes.jpg 404 in 295ms (next.js: 89ms, application-code: 206ms)
 GET /images/current-offers.jpg 404 in 299ms (next.js: 64ms, application-code: 235ms)
 GET /images/solar-panels.jpg 404 in 270ms (next.js: 198ms, application-code: 72ms)
 GET /images/powerwall.jpg 404 in 63ms (next.js: 4ms, application-code: 59ms)
 GET / 200 in 84ms (next.js: 3ms, application-code: 81ms)
 GET /images/american-heroes.jpg 404 in 393ms (next.js: 63ms, application-code: 329ms)
 GET /images/current-offers.jpg 404 in 395ms (next.js: 39ms, application-code: 356ms)
 GET /images/hero.jpg 404 in 398ms (next.js: 15ms, application-code: 383ms)
 GET /images/travel-safer.jpg 404 in 318ms (next.js: 71ms, application-code: 247ms)
 GET /images/solar-panels.jpg 404 in 318ms (next.js: 122ms, application-code: 197ms)
 GET /images/standard-features.jpg 404 in 320ms (next.js: 95ms, application-code: 225ms)
 GET /images/powerwall.jpg 404 in 76ms (next.js: 9ms, application-code: 67ms)
 GET / 200 in 72ms (next.js: 3ms, application-code: 69ms)
 GET /images/hero.jpg 404 in 139ms (next.js: 10ms, application-code: 129ms)
 GET /images/current-offers.jpg 404 in 283ms (next.js: 14ms, application-code: 269ms)
 GET /images/solar-panels.jpg 404 in 277ms (next.js: 89ms, application-code: 188ms)
 GET /images/standard-features.jpg 404 in 278ms (next.js: 67ms, application-code: 212ms)
 GET /images/travel-safer.jpg 404 in 280ms (next.js: 46ms, application-code: 234ms)
 GET /images/american-heroes.jpg 404 in 282ms (next.js: 20ms, application-code: 262ms)
 GET /images/powerwall.jpg 404 in 81ms (next.js: 29ms, application-code: 52ms)
 GET /vehicles 200 in 206ms (next.js: 128ms, application-code: 79ms)
 GET /images/model-3.jpg 404 in 224ms (next.js: 57ms, application-code: 167ms)
 GET /images/model-s.jpg 404 in 231ms (next.js: 74ms, application-code: 157ms)
 GET /images/vehicles-page.jpg 404 in 283ms (next.js: 13ms, application-code: 270ms)
 GET /images/model-x.jpg 404 in 234ms (next.js: 80ms, application-code: 154ms)
 GET /images/model-y.jpg 404 in 236ms (next.js: 101ms, application-code: 135ms)
 GET /images/cybertruck.jpg 404 in 169ms (next.js: 109ms, application-code: 59ms)
 GET /vehicles/model-s 200 in 2.1s (next.js: 2.0s, generate-params: 467ms, application-code: 45ms)
 GET /images/model-s.jpg 404 in 77ms (next.js: 7ms, application-code: 70ms)
 GET /energy 200 in 68ms (next.js: 37ms, application-code: 31ms)
 GET /images/energy-page.jpg 404 in 60ms (next.js: 4ms, application-code: 56ms)
 GET /vehicles 200 in 58ms (next.js: 5ms, application-code: 53ms)
 GET /images/model-s.jpg 404 in 240ms (next.js: 55ms, application-code: 185ms)
 GET /images/model-3.jpg 404 in 238ms (next.js: 79ms, application-code: 159ms)
 GET /images/model-x.jpg 404 in 220ms (next.js: 105ms, application-code: 115ms)
 GET /images/model-y.jpg 404 in 219ms (next.js: 121ms, application-code: 99ms)
 GET /images/cybertruck.jpg 404 in 221ms (next.js: 131ms, application-code: 90ms)
 GET /images/vehicles-page.jpg 404 in 258ms (next.js: 13ms, application-code: 245ms)
 GET /vehicles/cybertruck 200 in 49ms (next.js: 16ms, generate-params: 11ms, application-code: 32ms)
 GET /images/cybertruck.jpg 404 in 55ms (next.js: 3ms, application-code: 52ms)
 GET / 200 in 36ms (next.js: 4ms, application-code: 31ms)
 GET /images/hero.jpg 404 in 257ms (next.js: 20ms, application-code: 237ms)
 GET /images/solar-panels.jpg 404 in 250ms (next.js: 113ms, application-code: 137ms)
 GET /images/standard-features.jpg 404 in 252ms (next.js: 101ms, application-code: 151ms)
 GET /images/travel-safer.jpg 404 in 254ms (next.js: 85ms, application-code: 169ms)
 GET /images/american-heroes.jpg 404 in 256ms (next.js: 73ms, application-code: 183ms)
 GET /images/current-offers.jpg 404 in 258ms (next.js: 53ms, application-code: 204ms)
 GET /images/powerwall.jpg 404 in 33ms (next.js: 4ms, application-code: 29ms)
 GET /energy 200 in 33ms (next.js: 5ms, application-code: 28ms)
 GET /images/energy-page.jpg 404 in 41ms (next.js: 3ms, application-code: 37ms)
 GET /charging 200 in 69ms (next.js: 40ms, application-code: 30ms)
 GET /images/charging-page.jpg 404 in 39ms (next.js: 3ms, application-code: 36ms)
 GET /discover 200 in 57ms (next.js: 26ms, application-code: 31ms)
 GET /images/discover-page.jpg 404 in 42ms (next.js: 4ms, application-code: 38ms)
 GET /shop 200 in 64ms (next.js: 33ms, application-code: 31ms)
 GET /images/shop-page.jpg 404 in 45ms (next.js: 3ms, application-code: 43ms)
 GET / 200 in 32ms (next.js: 2ms, application-code: 30ms)
 GET /images/current-offers.jpg 404 in 296ms (next.js: 36ms, application-code: 260ms)
 GET /images/hero.jpg 404 in 300ms (next.js: 10ms, application-code: 290ms)
 GET /images/american-heroes.jpg 404 in 294ms (next.js: 129ms, application-code: 165ms)
 GET /images/standard-features.jpg 404 in 295ms (next.js: 105ms, application-code: 191ms)
 GET /images/travel-safer.jpg 404 in 298ms (next.js: 88ms, application-code: 210ms)
 GET /images/solar-panels.jpg 404 in 268ms (next.js: 195ms, application-code: 74ms)
 GET /images/powerwall.jpg 404 in 53ms (next.js: 5ms, application-code: 48ms)
✓ Compiled in 112ms
✓ Compiled in 192ms
 GET / 200 in 285ms (next.js: 206ms, application-code: 79ms)
 GET / 200 in 287ms (next.js: 179ms, application-code: 108ms)
 GET / 200 in 784ms (next.js: 162ms, application-code: 622ms)
 GET / 200 in 468ms (next.js: 93ms, application-code: 375ms)
 GET / 200 in 56ms (next.js: 6ms, application-code: 50ms)
 GET / 200 in 313ms (next.js: 3ms, application-code: 310ms)
 GET /images/hero.jpg 404 in 184ms (next.js: 32ms, application-code: 151ms)
 GET /images/current-offers.jpg 404 in 183ms (next.js: 85ms, application-code: 99ms)
 GET /images/american-heroes.jpg 404 in 183ms (next.js: 103ms, application-code: 80ms)
 GET /images/travel-safer.jpg 404 in 149ms (next.js: 9ms, application-code: 140ms)
 GET /images/standard-features.jpg 404 in 150ms (next.js: 48ms, application-code: 101ms)
 GET /images/solar-panels.jpg 404 in 128ms (next.js: 81ms, application-code: 46ms)
 GET /images/powerwall.jpg 404 in 55ms (next.js: 4ms, application-code: 51ms)
 GET / 200 in 110ms (next.js: 12ms, application-code: 97ms)
 GET /images/hero.jpg 404 in 286ms (next.js: 14ms, application-code: 272ms)
 GET /images/current-offers.jpg 404 in 287ms (next.js: 61ms, application-code: 226ms)
 GET /images/standard-features.jpg 404 in 290ms (next.js: 141ms, application-code: 149ms)
 GET /images/travel-safer.jpg 404 in 292ms (next.js: 123ms, application-code: 168ms)
 GET /images/american-heroes.jpg 404 in 294ms (next.js: 107ms, application-code: 186ms)
 GET /images/solar-panels.jpg 404 in 240ms (next.js: 150ms, application-code: 90ms)
 GET /images/powerwall.jpg 404 in 62ms (next.js: 9ms, application-code: 53ms)
 GET /vehicles 200 in 185ms (next.js: 135ms, application-code: 51ms)
 GET /images/model-s.jpg 404 in 207ms (next.js: 51ms, application-code: 156ms)
 GET /images/model-x.jpg 404 in 209ms (next.js: 70ms, application-code: 139ms)
 GET /images/model-3.jpg 404 in 210ms (next.js: 82ms, application-code: 129ms)
 GET /images/model-y.jpg 404 in 190ms (next.js: 110ms, application-code: 80ms)
 GET /images/vehicles-page.jpg 404 in 226ms (next.js: 9ms, application-code: 217ms)
 GET /images/cybertruck.jpg 404 in 123ms (next.js: 70ms, application-code: 53ms)
 GET /order/model-s 200 in 885ms (next.js: 859ms, generate-params: 372ms, application-code: 26ms)
 GET /images/model-s.jpg 404 in 48ms (next.js: 3ms, application-code: 46ms)
 GET / 200 in 25ms (next.js: 2ms, application-code: 22ms)
 GET /images/american-heroes.jpg 404 in 281ms (next.js: 62ms, application-code: 219ms)
 GET /images/current-offers.jpg 404 in 283ms (next.js: 40ms, application-code: 243ms)
 GET /images/hero.jpg 404 in 285ms (next.js: 16ms, application-code: 269ms)
 GET /images/solar-panels.jpg 404 in 279ms (next.js: 158ms, application-code: 122ms)
 GET /images/standard-features.jpg 404 in 281ms (next.js: 141ms, application-code: 140ms)
 GET /images/travel-safer.jpg 404 in 283ms (next.js: 123ms, application-code: 160ms)
 GET /images/powerwall.jpg 404 in 58ms (next.js: 6ms, application-code: 52ms)
✓ Compiled in 132ms
 GET / 200 in 393ms (next.js: 33ms, application-code: 360ms)
 GET / 200 in 124ms (next.js: 7ms, application-code: 117ms)
 GET / 200 in 123ms (next.js: 75ms, application-code: 48ms)
 GET / 200 in 124ms (next.js: 38ms, application-code: 85ms)
 GET / 200 in 566ms (next.js: 104ms, application-code: 462ms)
 GET / 200 in 414ms (next.js: 3ms, application-code: 412ms)
 GET /images/hero.jpg 404 in 109ms (next.js: 22ms, application-code: 87ms)
 GET /images/current-offers.jpg 404 in 149ms (next.js: 49ms, application-code: 100ms)
 GET /images/american-heroes.jpg 404 in 76ms (next.js: 14ms, application-code: 62ms)
 GET /images/travel-safer.jpg 404 in 122ms (next.js: 15ms, application-code: 108ms)
 GET /images/standard-features.jpg 404 in 146ms (next.js: 57ms, application-code: 89ms)
 GET /images/solar-panels.jpg 404 in 53ms (next.js: 7ms, application-code: 46ms)
 GET /images/powerwall.jpg 404 in 65ms (next.js: 8ms, application-code: 56ms)
 GET / 200 in 68ms (next.js: 4ms, application-code: 64ms)
 GET /images/hero.jpg 404 in 103ms (next.js: 9ms, application-code: 95ms)
 GET /images/travel-safer.jpg 404 in 261ms (next.js: 77ms, application-code: 184ms)
 GET /images/american-heroes.jpg 404 in 265ms (next.js: 55ms, application-code: 210ms)
 GET /images/current-offers.jpg 404 in 269ms (next.js: 30ms, application-code: 239ms)
 GET /images/standard-features.jpg 404 in 259ms (next.js: 131ms, application-code: 128ms)
 GET /images/solar-panels.jpg 404 in 254ms (next.js: 150ms, application-code: 104ms)
 GET /images/powerwall.jpg 404 in 68ms (next.js: 15ms, application-code: 53ms)
 GET /vehicles 200 in 182ms (next.js: 121ms, application-code: 61ms)
 GET /images/model-s.jpg 404 in 241ms (next.js: 47ms, application-code: 194ms)
 GET /images/model-3.jpg 404 in 269ms (next.js: 94ms, application-code: 175ms)
 GET /images/model-x.jpg 404 in 247ms (next.js: 94ms, application-code: 152ms)
 GET /images/vehicles-page.jpg 404 in 278ms (next.js: 6ms, application-code: 272ms)
 GET /images/model-y.jpg 404 in 187ms (next.js: 105ms, application-code: 82ms)
 GET /images/cybertruck.jpg 404 in 188ms (next.js: 132ms, application-code: 55ms)
 GET /vehicles 200 in 52ms (next.js: 2ms, application-code: 49ms)
 GET /vehicles/model-s 200 in 163ms (next.js: 108ms, generate-params: 6ms, application-code: 55ms)
 GET /images/model-s.jpg 404 in 45ms (next.js: 3ms, application-code: 42ms)
 GET /demo-drive/model-s 200 in 771ms (next.js: 738ms, generate-params: 339ms, application-code: 33ms)
 GET /images/model-s.jpg 404 in 56ms (next.js: 5ms, application-code: 51ms)
 GET / 200 in 51ms (next.js: 6ms, application-code: 45ms)
 GET /images/current-offers.jpg 404 in 272ms (next.js: 34ms, application-code: 238ms)
 GET /images/hero.jpg 404 in 274ms (next.js: 12ms, application-code: 262ms)
 GET /images/american-heroes.jpg 404 in 270ms (next.js: 120ms, application-code: 149ms)
 GET /images/solar-panels.jpg 404 in 271ms (next.js: 107ms, application-code: 164ms)
 GET /images/standard-features.jpg 404 in 273ms (next.js: 93ms, application-code: 181ms)
 GET /images/travel-safer.jpg 404 in 271ms (next.js: 138ms, application-code: 133ms)
 GET /images/powerwall.jpg 404 in 56ms (next.js: 5ms, application-code: 51ms)
 GET / 200 in 73ms (next.js: 4ms, application-code: 69ms)
 GET /images/hero.jpg 404 in 270ms (next.js: 18ms, application-code: 252ms)
 GET /images/american-heroes.jpg 404 in 268ms (next.js: 81ms, application-code: 187ms)
 GET /images/current-offers.jpg 404 in 274ms (next.js: 63ms, application-code: 211ms)
 GET /images/standard-features.jpg 404 in 237ms (next.js: 127ms, application-code: 111ms)
 GET /images/travel-safer.jpg 404 in 242ms (next.js: 110ms, application-code: 132ms)
 GET /images/solar-panels.jpg 404 in 98ms (next.js: 42ms, application-code: 57ms)
 GET /images/powerwall.jpg 404 in 61ms (next.js: 8ms, application-code: 54ms)
 GET /vehicles 200 in 48ms (next.js: 4ms, application-code: 44ms)
 GET /images/model-s.jpg 404 in 191ms (next.js: 60ms, application-code: 131ms)
 GET /images/model-x.jpg 404 in 201ms (next.js: 60ms, application-code: 141ms)
 GET /images/model-3.jpg 404 in 202ms (next.js: 75ms, application-code: 127ms)
 GET /images/vehicles-page.jpg 404 in 253ms (next.js: 10ms, application-code: 242ms)
 GET /images/model-y.jpg 404 in 167ms (next.js: 88ms, application-code: 79ms)
 GET /images/cybertruck.jpg 404 in 89ms (next.js: 46ms, application-code: 43ms)
 GET /energy 200 in 67ms (next.js: 41ms, application-code: 26ms)
 GET /images/energy-page.jpg 404 in 73ms (next.js: 3ms, application-code: 70ms)
 GET /charging 200 in 53ms (next.js: 35ms, application-code: 18ms)
 GET /images/charging-page.jpg 404 in 40ms (next.js: 5ms, application-code: 35ms)
 GET /discover 200 in 58ms (next.js: 31ms, application-code: 27ms)
 GET /images/discover-page.jpg 404 in 46ms (next.js: 4ms, application-code: 42ms)
 GET /shop 200 in 60ms (next.js: 34ms, application-code: 27ms)
 GET /images/shop-page.jpg 404 in 38ms (next.js: 4ms, application-code: 34ms)
 GET /vehicles 200 in 54ms (next.js: 4ms, application-code: 50ms)
 GET /images/model-s.jpg 404 in 277ms (next.js: 53ms, application-code: 224ms)
 GET /images/model-3.jpg 404 in 281ms (next.js: 90ms, application-code: 191ms)
 GET /images/vehicles-page.jpg 404 in 293ms (next.js: 11ms, application-code: 281ms)
 GET /images/model-x.jpg 404 in 245ms (next.js: 92ms, application-code: 153ms)
 GET /images/model-y.jpg 404 in 245ms (next.js: 118ms, application-code: 127ms)
 GET /images/cybertruck.jpg 404 in 246ms (next.js: 138ms, application-code: 108ms)
 GET /order/model-s 200 in 137ms (next.js: 85ms, generate-params: 4ms, application-code: 53ms)
 GET /images/model-s.jpg 404 in 47ms (next.js: 3ms, application-code: 45ms)
 GET /images/model-s.jpg 404 in 245ms (next.js: 54ms, application-code: 191ms)
 GET /images/model-3.jpg 404 in 243ms (next.js: 73ms, application-code: 170ms)
 GET /images/model-x.jpg 404 in 244ms (next.js: 84ms, application-code: 160ms)
 GET /images/model-y.jpg 404 in 226ms (next.js: 142ms, application-code: 84ms)
 GET /images/cybertruck.jpg 404 in 226ms (next.js: 162ms, application-code: 64ms)
 GET /images/vehicles-page.jpg 404 in 261ms (next.js: 12ms, application-code: 249ms)
 GET / 200 in 646ms (next.js: 139ms, application-code: 506ms)
 GET /images/american-heroes.jpg 404 in 358ms (next.js: 90ms, application-code: 268ms)
 GET /images/current-offers.jpg 404 in 362ms (next.js: 75ms, application-code: 287ms)
 GET /images/hero.jpg 404 in 367ms (next.js: 34ms, application-code: 333ms)
 GET /images/standard-features.jpg 404 in 354ms (next.js: 227ms, application-code: 128ms)
 GET /images/travel-safer.jpg 404 in 358ms (next.js: 203ms, application-code: 155ms)
 GET /images/solar-panels.jpg 404 in 353ms (next.js: 251ms, application-code: 102ms)
 GET /images/powerwall.jpg 404 in 61ms (next.js: 3ms, application-code: 57ms)
✓ Compiled in 289ms
 GET / 200 in 245ms (next.js: 180ms, application-code: 65ms)
 GET /vehicles 200 in 85ms (next.js: 30ms, application-code: 55ms)
 GET / 200 in 1411ms (next.js: 8ms, application-code: 1403ms)
 GET /images/hero.jpg 404 in 305ms (next.js: 30ms, application-code: 275ms)
 GET /images/standard-features.jpg 404 in 266ms (next.js: 143ms, application-code: 123ms)
 GET /images/travel-safer.jpg 404 in 268ms (next.js: 70ms, application-code: 198ms)
 GET /images/american-heroes.jpg 404 in 270ms (next.js: 42ms, application-code: 228ms)
 GET /images/current-offers.jpg 404 in 276ms (next.js: 17ms, application-code: 259ms)
 GET /images/solar-panels.jpg 404 in 274ms (next.js: 162ms, application-code: 112ms)
 GET /images/powerwall.jpg 404 in 60ms (next.js: 10ms, application-code: 50ms)
 GET /energy 200 in 71ms (next.js: 38ms, application-code: 32ms)
 GET /images/energy-page.jpg 404 in 50ms (next.js: 3ms, application-code: 47ms)
 GET /vehicles 200 in 65ms (next.js: 4ms, application-code: 60ms)
 GET /images/model-s.jpg 404 in 170ms (next.js: 20ms, application-code: 150ms)
 GET /images/model-3.jpg 404 in 174ms (next.js: 41ms, application-code: 133ms)
 GET /images/model-x.jpg 404 in 175ms (next.js: 64ms, application-code: 111ms)
 GET /images/vehicles-page.jpg 404 in 234ms (next.js: 6ms, application-code: 228ms)
 GET /images/model-y.jpg 404 in 99ms (next.js: 16ms, application-code: 83ms)
 GET /images/cybertruck.jpg 404 in 101ms (next.js: 29ms, application-code: 71ms)
 GET /vehicles/model-s 200 in 79ms (next.js: 40ms, generate-params: 7ms, application-code: 39ms)
 GET /images/model-s.jpg 404 in 52ms (next.js: 5ms, application-code: 47ms)
 GET /images/model-s.jpg 404 in 277ms (next.js: 46ms, application-code: 231ms)
 GET /images/model-3.jpg 404 in 280ms (next.js: 101ms, application-code: 179ms)
 GET /images/model-x.jpg 404 in 282ms (next.js: 118ms, application-code: 163ms)
 GET /images/vehicles-page.jpg 404 in 294ms (next.js: 13ms, application-code: 281ms)
 GET /images/model-y.jpg 404 in 255ms (next.js: 167ms, application-code: 89ms)
 GET /images/cybertruck.jpg 404 in 255ms (next.js: 187ms, application-code: 68ms)
 GET /vehicles/model-3 200 in 40ms (next.js: 14ms, generate-params: 9ms, application-code: 26ms)
 GET /images/model-3.jpg 404 in 49ms (next.js: 4ms, application-code: 45ms)
 GET /images/model-s.jpg 404 in 250ms (next.js: 58ms, application-code: 193ms)
 GET /images/model-3.jpg 404 in 251ms (next.js: 78ms, application-code: 173ms)
 GET /images/model-x.jpg 404 in 257ms (next.js: 120ms, application-code: 138ms)
 GET /images/model-y.jpg 404 in 232ms (next.js: 115ms, application-code: 116ms)
 GET /images/cybertruck.jpg 404 in 234ms (next.js: 137ms, application-code: 97ms)
 GET /images/vehicles-page.jpg 404 in 275ms (next.js: 11ms, application-code: 264ms)
 GET /order/model-3 200 in 146ms (next.js: 96ms, generate-params: 4ms, application-code: 50ms)
 GET /images/model-3.jpg 404 in 56ms (next.js: 5ms, application-code: 50ms)
 GET /images/model-3.jpg 404 in 48ms (next.js: 4ms, application-code: 43ms)
✓ Compiled in 57ms
 GET /order/model-3 200 in 216ms (next.js: 115ms, generate-params: 10ms, application-code: 101ms)
 GET /order/model-3 200 in 201ms (next.js: 2ms, generate-params: 39µs, application-code: 198ms)
 GET /order/model-3 200 in 200ms (next.js: 37ms, generate-params: 46µs, application-code: 162ms)
 GET /order/model-3 200 in 234ms (next.js: 3ms, generate-params: 22µs, application-code: 230ms)
 GET /order/model-3 200 in 234ms (next.js: 75ms, generate-params: 38µs, application-code: 159ms)
 GET /order/model-3 200 in 236ms (next.js: 113ms, generate-params: 40µs, application-code: 122ms)
 GET /order/model-3 200 in 88ms (next.js: 7ms, generate-params: 37µs, application-code: 81ms)
 GET /order/model-3 200 in 93ms (next.js: 5ms, generate-params: 31µs, application-code: 88ms)
 GET /order/model-3 200 in 49ms (next.js: 10ms, generate-params: 7ms, application-code: 40ms)
 GET /vehicles 200 in 148ms (next.js: 92ms, application-code: 56ms)
 GET /images/model-s.jpg 404 in 161ms (next.js: 71ms, application-code: 90ms)
 GET /images/vehicles-page.jpg 404 in 213ms (next.js: 27ms, application-code: 185ms)
 GET /images/model-x.jpg 404 in 104ms (next.js: 37ms, application-code: 67ms)
 GET /images/cybertruck.jpg 404 in 105ms (next.js: 50ms, application-code: 56ms)
 GET /images/model-s.jpg 404 in 216ms (next.js: 70ms, application-code: 145ms)
 GET /images/model-x.jpg 404 in 216ms (next.js: 88ms, application-code: 129ms)
 GET /images/cybertruck.jpg 404 in 183ms (next.js: 116ms, application-code: 68ms)
 GET /images/vehicles-page.jpg 404 in 230ms (next.js: 12ms, application-code: 217ms)
 GET /vehicles 200 in 162ms (next.js: 4ms, application-code: 158ms)
 GET /images/vehicles-page.jpg 404 in 63ms (next.js: 4ms, application-code: 59ms)
 GET /images/model-s.jpg 404 in 196ms (next.js: 12ms, application-code: 184ms)
 GET /images/model-x.jpg 404 in 202ms (next.js: 60ms, application-code: 142ms)
 GET /images/cybertruck.jpg 404 in 203ms (next.js: 82ms, application-code: 120ms)
✓ Compiled in 63ms
 GET /vehicles 200 in 411ms (next.js: 113ms, application-code: 298ms)
 GET /vehicles 200 in 281ms (next.js: 4ms, application-code: 277ms)
 GET /vehicles 200 in 236ms (next.js: 6ms, application-code: 230ms)
 GET /vehicles 200 in 236ms (next.js: 87ms, application-code: 149ms)
 GET /vehicles 200 in 278ms (next.js: 46ms, application-code: 232ms)
 GET /vehicles 200 in 278ms (next.js: 127ms, application-code: 151ms)
 GET /vehicles 200 in 105ms (next.js: 4ms, application-code: 101ms)
 GET /vehicles 200 in 58ms (next.js: 7ms, application-code: 51ms)
 GET /vehicles 200 in 210ms (next.js: 7ms, application-code: 203ms)
 GET /images/cybertruck.jpg 404 in 158ms (next.js: 96ms, application-code: 62ms)
 GET /images/vehicles-page.jpg 404 in 165ms (next.js: 30ms, application-code: 136ms)
✓ Compiled in 113ms
 GET /vehicles 200 in 414ms (next.js: 98ms, application-code: 316ms)
 GET /vehicles 200 in 256ms (next.js: 2ms, application-code: 253ms)
 GET /vehicles 200 in 248ms (next.js: 3ms, application-code: 245ms)
 GET /vehicles 200 in 249ms (next.js: 75ms, application-code: 174ms)
 GET /vehicles 200 in 249ms (next.js: 116ms, application-code: 133ms)
 GET /vehicles 200 in 294ms (next.js: 146ms, application-code: 149ms)
 GET /vehicles 200 in 133ms (next.js: 5ms, application-code: 128ms)
 GET /vehicles 200 in 87ms (next.js: 6ms, application-code: 81ms)
 GET /vehicles 200 in 38ms (next.js: 2ms, application-code: 35ms)
 GET /vehicles 200 in 158ms (next.js: 85ms, application-code: 73ms)
 GET /vehicles 200 in 60ms (next.js: 25ms, application-code: 36ms)
 GET /vehicles 200 in 67ms (next.js: 4ms, application-code: 63ms)
 GET /energy 200 in 112ms (next.js: 74ms, application-code: 39ms)
 GET /images/energy-page.jpg 404 in 524ms (next.js: 21ms, application-code: 503ms)
 GET /charging 200 in 87ms (next.js: 54ms, application-code: 33ms)
 GET /images/charging-page.jpg 404 in 57ms (next.js: 4ms, application-code: 53ms)
 GET / 200 in 107ms (next.js: 63ms, application-code: 44ms)
 GET /images/hero.jpg 404 in 277ms (next.js: 19ms, application-code: 258ms)
 GET /images/american-heroes.jpg 404 in 278ms (next.js: 98ms, application-code: 180ms)
 GET /images/current-offers.jpg 404 in 280ms (next.js: 71ms, application-code: 208ms)
 GET /images/travel-safer.jpg 404 in 144ms (next.js: 48ms, application-code: 96ms)
 GET /images/solar-panels.jpg 404 in 147ms (next.js: 36ms, application-code: 111ms)
 GET /images/standard-features.jpg 404 in 149ms (next.js: 21ms, application-code: 128ms)
 GET /images/powerwall.jpg 404 in 45ms (next.js: 6ms, application-code: 39ms)
 GET /vehicles 200 in 37ms (next.js: 4ms, application-code: 33ms)
 GET /images/vehicles-page.jpg 404 in 55ms (next.js: 5ms, application-code: 50ms)
 GET /energy 200 in 34ms (next.js: 3ms, application-code: 31ms)
 GET /images/energy-page.jpg 404 in 52ms (next.js: 3ms, application-code: 49ms)
 GET /charging 200 in 29ms (next.js: 3ms, application-code: 26ms)
 GET /images/charging-page.jpg 404 in 54ms (next.js: 5ms, application-code: 49ms)
 GET /discover 200 in 77ms (next.js: 49ms, application-code: 28ms)
 GET /images/discover-page.jpg 404 in 41ms (next.js: 3ms, application-code: 38ms)
 GET /shop 200 in 75ms (next.js: 43ms, application-code: 32ms)
 GET /images/shop-page.jpg 404 in 28ms (next.js: 3ms, application-code: 26ms)
 GET / 200 in 36ms (next.js: 2ms, application-code: 34ms)
 GET /images/travel-safer.jpg 404 in 280ms (next.js: 41ms, application-code: 239ms)
 GET /images/hero.jpg 404 in 281ms (next.js: 17ms, application-code: 264ms)
 GET /images/standard-features.jpg 404 in 271ms (next.js: 138ms, application-code: 133ms)
 GET /images/american-heroes.jpg 404 in 276ms (next.js: 121ms, application-code: 155ms)
 GET /images/current-offers.jpg 404 in 281ms (next.js: 103ms, application-code: 178ms)
 GET /images/solar-panels.jpg 404 in 272ms (next.js: 160ms, application-code: 112ms)
 GET /images/powerwall.jpg 404 in 52ms (next.js: 4ms, application-code: 48ms)
 GET /vehicles 200 in 30ms (next.js: 4ms, application-code: 26ms)
 GET /images/vehicles-page.jpg 404 in 71ms (next.js: 7ms, application-code: 64ms)
