
> tesla-clone@0.1.0 dev
> next dev

▲ Next.js 16.2.4 (Turbopack)
- Local:         http://localhost:3000
- Network:       http://192.168.56.1:3000
✓ Ready in 479ms
Creating turbopack project {
  dir: 'C:\\Users\\parva\\OneDrive\\Desktop\\Project\\Python_Fresh_Start\\tesla-clone',
  testMode: true
}

 GET / 200 in 603ms (next.js: 254ms, application-code: 349ms)
 GET /images/hero.jpg 404 in 386ms (next.js: 59ms, application-code: 326ms)
 GET /images/current-offers.jpg 404 in 389ms (next.js: 98ms, application-code: 291ms)
 GET /images/travel-safer.jpg 404 in 359ms (next.js: 134ms, application-code: 225ms)
 GET /images/american-heroes.jpg 404 in 362ms (next.js: 114ms, application-code: 249ms)
 GET /images/solar-panels.jpg 404 in 273ms (next.js: 142ms, application-code: 132ms)
 GET /images/standard-features.jpg 404 in 277ms (next.js: 109ms, application-code: 168ms)
 GET /images/powerwall.jpg 404 in 64ms (next.js: 9ms, application-code: 55ms)
 GET /vehicles 200 in 101ms (next.js: 43ms, application-code: 59ms)
 GET /images/vehicles-page.jpg 404 in 48ms (next.js: 3ms, application-code: 45ms)
 GET /order/model-3 200 in 428ms (next.js: 398ms, generate-params: 362ms, application-code: 30ms)
✓ Compiled in 179ms
✓ Compiled in 72ms
✓ Compiled in 782ms
 GET /order/model-3 200 in 585ms (next.js: 467ms, generate-params: 9ms, application-code: 118ms)
 GET /order/model-3 200 in 222ms (next.js: 4ms, generate-params: 50µs, application-code: 218ms)
 GET /order/model-3 200 in 206ms (next.js: 6ms, generate-params: 41µs, application-code: 200ms)
 GET /order/model-3 200 in 207ms (next.js: 40ms, generate-params: 36µs, application-code: 167ms)
 GET /order/model-3 200 in 207ms (next.js: 79ms, generate-params: 45µs, application-code: 128ms)
 GET /order/model-3 200 in 236ms (next.js: 116ms, generate-params: 50µs, application-code: 119ms)
 GET /order/model-3 200 in 90ms (next.js: 6ms, generate-params: 50µs, application-code: 84ms)
 GET /order/model-3 200 in 216ms (next.js: 9ms, generate-params: 52µs, application-code: 207ms)
 GET /order/model-3 200 in 217ms (next.js: 6ms, generate-params: 140µs, application-code: 211ms)
 GET /order/model-3 200 in 246ms (next.js: 44ms, generate-params: 75µs, application-code: 202ms)
 GET /order/model-3 200 in 247ms (next.js: 77ms, generate-params: 32µs, application-code: 171ms)
 GET /order/model-3 200 in 142ms (next.js: 17ms, generate-params: 7ms, application-code: 125ms)
 GET /order/model-3 200 in 93ms (next.js: 7ms, generate-params: 34µs, application-code: 86ms)
 GET /order/model-3 200 in 46ms (next.js: 4ms, generate-params: 23µs, application-code: 42ms)
✓ Compiled in 69ms
 GET /order/model-3 200 in 176ms (next.js: 77ms, generate-params: 9ms, application-code: 99ms)
 GET /order/model-3 200 in 92ms (next.js: 3ms, generate-params: 31µs, application-code: 89ms)
 GET /order/model-3 200 in 45ms (next.js: 4ms, generate-params: 34µs, application-code: 41ms)
 GET /order/model-3 200 in 293ms (next.js: 12ms, generate-params: 8ms, application-code: 281ms)
 GET / 200 in 72ms (next.js: 26ms, application-code: 46ms)
 GET /images/hero.jpg 404 in 296ms (next.js: 32ms, application-code: 264ms)
 GET /images/american-heroes.jpg 404 in 299ms (next.js: 89ms, application-code: 210ms)
 GET /images/current-offers.jpg 404 in 302ms (next.js: 71ms, application-code: 230ms)
 GET /images/travel-safer.jpg 404 in 220ms (next.js: 63ms, application-code: 157ms)
 GET /images/standard-features.jpg 404 in 175ms (next.js: 66ms, application-code: 109ms)
 GET /images/solar-panels.jpg 404 in 169ms (next.js: 105ms, application-code: 64ms)
 GET /images/powerwall.jpg 404 in 69ms (next.js: 10ms, application-code: 59ms)
 GET /vehicles 200 in 100ms (next.js: 66ms, application-code: 33ms)
 GET /images/vehicles-page.jpg 404 in 39ms (next.js: 3ms, application-code: 36ms)
 GET /vehicles/model-3 200 in 416ms (next.js: 393ms, generate-params: 341ms, application-code: 23ms)
 GET /images/vehicles-page.jpg 404 in 60ms (next.js: 6ms, application-code: 53ms)
✓ Compiled in 95ms
 GET /vehicles 200 in 381ms (next.js: 66ms, application-code: 315ms)
 GET /vehicles 200 in 283ms (next.js: 10ms, application-code: 273ms)
 GET /vehicles 200 in 197ms (next.js: 6ms, application-code: 190ms)
 GET /vehicles 200 in 223ms (next.js: 50ms, application-code: 173ms)
 GET /vehicles 200 in 224ms (next.js: 87ms, application-code: 137ms)
 GET /vehicles 200 in 225ms (next.js: 115ms, application-code: 110ms)
 GET /vehicles 200 in 245ms (next.js: 3ms, application-code: 242ms)
 GET /vehicles 200 in 212ms (next.js: 4ms, application-code: 208ms)
 GET /vehicles 200 in 219ms (next.js: 76ms, application-code: 143ms)
 GET /vehicles 200 in 220ms (next.js: 114ms, application-code: 106ms)
 GET /vehicles 200 in 223ms (next.js: 6ms, application-code: 217ms)
 GET /vehicles 200 in 252ms (next.js: 34ms, application-code: 218ms)
 GET /vehicles 200 in 175ms (next.js: 5ms, application-code: 170ms)
 GET /vehicles 200 in 131ms (next.js: 6ms, application-code: 125ms)
 GET /vehicles 200 in 95ms (next.js: 3ms, application-code: 92ms)
 GET /vehicles 200 in 96ms (next.js: 48ms, application-code: 48ms)
✓ Compiled in 161ms
 GET /vehicles 200 in 450ms (next.js: 65ms, application-code: 385ms)
 GET /vehicles 200 in 349ms (next.js: 4ms, application-code: 346ms)
 GET /vehicles 200 in 261ms (next.js: 53ms, application-code: 209ms)
 GET /vehicles 200 in 263ms (next.js: 7ms, application-code: 256ms)
 GET /vehicles 200 in 260ms (next.js: 149ms, application-code: 111ms)
 GET /vehicles 200 in 263ms (next.js: 95ms, application-code: 168ms)
 GET /vehicles 200 in 58ms (next.js: 4ms, application-code: 54ms)
✓ Compiled in 53ms
 GET /vehicles 200 in 229ms (next.js: 69ms, application-code: 159ms)
 GET /vehicles 200 in 79ms (next.js: 3ms, application-code: 77ms)
 GET /vehicles 200 in 176ms (next.js: 57ms, application-code: 119ms)
 GET /vehicles 200 in 53ms (next.js: 1781µs, application-code: 51ms)
✓ Compiled in 29ms
✓ Compiled in 129ms
 GET /vehicles 200 in 643ms (next.js: 114ms, application-code: 529ms)
 GET /vehicles 200 in 281ms (next.js: 46ms, application-code: 235ms)
 GET /vehicles 200 in 278ms (next.js: 48ms, application-code: 231ms)
 GET /vehicles 200 in 279ms (next.js: 73ms, application-code: 206ms)
 GET /vehicles 200 in 282ms (next.js: 6ms, application-code: 276ms)
 GET /vehicles 200 in 281ms (next.js: 114ms, application-code: 167ms)
 GET /vehicles 200 in 264ms (next.js: 4ms, application-code: 261ms)
 GET /vehicles 200 in 199ms (next.js: 3ms, application-code: 196ms)
 GET /vehicles 200 in 155ms (next.js: 46ms, application-code: 110ms)
 GET /vehicles 200 in 158ms (next.js: 7ms, application-code: 150ms)
 GET /vehicles 200 in 157ms (next.js: 93ms, application-code: 64ms)
✓ Compiled in 56ms
 GET /vehicles 200 in 421ms (next.js: 77ms, application-code: 345ms)
 GET /vehicles 200 in 270ms (next.js: 3ms, application-code: 267ms)
 GET /vehicles 200 in 296ms (next.js: 86ms, application-code: 210ms)
 GET /vehicles 200 in 299ms (next.js: 4ms, application-code: 295ms)
 GET /vehicles 200 in 303ms (next.js: 45ms, application-code: 258ms)
 GET /vehicles 200 in 305ms (next.js: 136ms, application-code: 170ms)
 GET /vehicles 200 in 305ms (next.js: 4ms, application-code: 300ms)
 GET /vehicles 200 in 265ms (next.js: 5ms, application-code: 259ms)
 GET /vehicles 200 in 300ms (next.js: 4ms, application-code: 296ms)
 GET /vehicles 200 in 302ms (next.js: 54ms, application-code: 248ms)
 GET /vehicles 200 in 305ms (next.js: 93ms, application-code: 211ms)
 GET /vehicles 200 in 174ms (next.js: 4ms, application-code: 170ms)
 GET /vehicles 200 in 214ms (next.js: 6ms, application-code: 207ms)
 GET /vehicles 200 in 147ms (next.js: 5ms, application-code: 142ms)
 GET /vehicles 200 in 108ms (next.js: 7ms, application-code: 101ms)
 GET /vehicles 200 in 56ms (next.js: 5ms, application-code: 52ms)
✓ Compiled in 77ms
 GET /vehicles 200 in 153ms (next.js: 36ms, application-code: 117ms)
 GET /vehicles 200 in 54ms (next.js: 3ms, application-code: 51ms)
 GET /vehicles 200 in 257ms (next.js: 4ms, application-code: 253ms)
 GET /images/vehicles-page.jpg 404 in 212ms (next.js: 75ms, application-code: 137ms)
 GET / 200 in 100ms (next.js: 69ms, application-code: 32ms)
 GET /images/travel-safer.jpg 404 in 291ms (next.js: 14ms, application-code: 277ms)
 GET /images/american-heroes.jpg 404 in 293ms (next.js: 118ms, application-code: 175ms)
 GET /images/current-offers.jpg 404 in 295ms (next.js: 94ms, application-code: 201ms)
 GET /images/hero.jpg 404 in 297ms (next.js: 67ms, application-code: 229ms)
 GET /images/standard-features.jpg 404 in 210ms (next.js: 103ms, application-code: 108ms)
 GET /images/solar-panels.jpg 404 in 148ms (next.js: 56ms, application-code: 92ms)
 GET /images/powerwall.jpg 404 in 50ms (next.js: 4ms, application-code: 46ms)
 GET /shop 200 in 69ms (next.js: 46ms, application-code: 23ms)
 GET /images/shop-page.jpg 404 in 50ms (next.js: 4ms, application-code: 46ms)
 GET /discover 200 in 75ms (next.js: 46ms, application-code: 29ms)
 GET /images/discover-page.jpg 404 in 54ms (next.js: 3ms, application-code: 51ms)
 GET /charging 200 in 71ms (next.js: 43ms, application-code: 28ms)
 GET /images/charging-page.jpg 404 in 55ms (next.js: 4ms, application-code: 50ms)
 GET /vehicles 200 in 41ms (next.js: 3ms, application-code: 38ms)
 GET /images/vehicles-page.jpg 404 in 49ms (next.js: 4ms, application-code: 46ms)
 GET /energy 200 in 65ms (next.js: 47ms, application-code: 19ms)
 GET /images/energy-page.jpg 404 in 43ms (next.js: 3ms, application-code: 40ms)
 GET /charging 200 in 23ms (next.js: 3ms, application-code: 21ms)
 GET /images/charging-page.jpg 404 in 40ms (next.js: 7ms, application-code: 33ms)
 GET /discover 200 in 23ms (next.js: 4ms, application-code: 19ms)
 GET /images/discover-page.jpg 404 in 51ms (next.js: 4ms, application-code: 47ms)
 GET /shop 200 in 27ms (next.js: 2ms, application-code: 25ms)
 GET /images/shop-page.jpg 404 in 49ms (next.js: 4ms, application-code: 45ms)
 GET /vehicles 200 in 57ms (next.js: 4ms, application-code: 52ms)
 GET /images/vehicles-page.jpg 404 in 77ms (next.js: 5ms, application-code: 73ms)
 GET / 200 in 28ms (next.js: 3ms, application-code: 25ms)
 GET /images/hero.jpg 404 in 291ms (next.js: 16ms, application-code: 274ms)
 GET /images/standard-features.jpg 404 in 288ms (next.js: 108ms, application-code: 180ms)
 GET /images/travel-safer.jpg 404 in 290ms (next.js: 81ms, application-code: 209ms)
 GET /images/american-heroes.jpg 404 in 292ms (next.js: 59ms, application-code: 234ms)
 GET /images/current-offers.jpg 404 in 285ms (next.js: 182ms, application-code: 103ms)
 GET /images/solar-panels.jpg 404 in 285ms (next.js: 199ms, application-code: 86ms)
 GET /images/powerwall.jpg 404 in 55ms (next.js: 5ms, application-code: 50ms)
✓ Compiled in 87ms
✓ Compiled in 131ms
 GET / 200 in 420ms (next.js: 124ms, application-code: 296ms)
 GET / 200 in 233ms (next.js: 6ms, application-code: 227ms)
 GET / 200 in 235ms (next.js: 45ms, application-code: 190ms)
 GET / 200 in 235ms (next.js: 83ms, application-code: 152ms)
 GET / 200 in 238ms (next.js: 7ms, application-code: 231ms)
 GET / 200 in 238ms (next.js: 119ms, application-code: 119ms)
 GET / 200 in 71ms (next.js: 5ms, application-code: 67ms)
 GET / 200 in 219ms (next.js: 101ms, application-code: 118ms)
 GET / 200 in 38ms (next.js: 3ms, application-code: 35ms)
✓ Compiled in 45ms
 GET / 200 in 216ms (next.js: 107ms, application-code: 109ms)
 GET / 200 in 41ms (next.js: 3ms, application-code: 38ms)
 GET / 200 in 215ms (next.js: 4ms, application-code: 211ms)
 GET /images/hero.jpg 404 in 309ms (next.js: 28ms, application-code: 281ms)
 GET /images/current-offers.jpg 404 in 275ms (next.js: 11ms, application-code: 264ms)
 GET /images/travel-safer.jpg 404 in 279ms (next.js: 67ms, application-code: 212ms)
 GET /images/american-heroes.jpg 404 in 282ms (next.js: 48ms, application-code: 234ms)
 GET /images/standard-features.jpg 404 in 281ms (next.js: 128ms, application-code: 153ms)
 GET /images/solar-panels.jpg 404 in 204ms (next.js: 79ms, application-code: 125ms)
 GET /images/powerwall.jpg 404 in 67ms (next.js: 15ms, application-code: 52ms)
 GET /energy 200 in 45ms (next.js: 21ms, application-code: 24ms)
 GET /images/energy-page.jpg 404 in 49ms (next.js: 4ms, application-code: 46ms)
 GET /discover 200 in 54ms (next.js: 28ms, application-code: 26ms)
 GET /images/discover-page.jpg 404 in 48ms (next.js: 4ms, application-code: 43ms)
 GET /charging 200 in 57ms (next.js: 30ms, application-code: 27ms)
 GET /images/charging-page.jpg 404 in 49ms (next.js: 4ms, application-code: 45ms)
 GET /shop 200 in 53ms (next.js: 26ms, application-code: 26ms)
 GET /images/shop-page.jpg 404 in 41ms (next.js: 3ms, application-code: 39ms)
 GET /vehicles 200 in 220ms (next.js: 131ms, application-code: 89ms)
 GET /images/vehicles-page.jpg 404 in 63ms (next.js: 10ms, application-code: 53ms)
✓ Compiled in 110ms
 GET /vehicles 200 in 258ms (next.js: 5ms, application-code: 254ms)
 GET /images/vehicles-page.jpg 404 in 84ms (next.js: 15ms, application-code: 69ms)
 GET /vehicles/model-y 200 in 184ms (next.js: 129ms, generate-params: 10ms, application-code: 55ms)
 GET /images/vehicles-page.jpg 404 in 62ms (next.js: 4ms, application-code: 58ms)
 GET /vehicles 200 in 97ms (next.js: 4ms, application-code: 93ms)
 GET /images/vehicles-page.jpg 404 in 79ms (next.js: 8ms, application-code: 71ms)
 GET /vehicles 200 in 9ms (next.js: 3ms, application-code: 6ms)
 GET /vehicles 200 in 33ms (next.js: 2ms, application-code: 31ms)
 GET /energy 200 in 29ms (next.js: 4ms, application-code: 25ms)
 GET /images/energy-page.jpg 404 in 55ms (next.js: 5ms, application-code: 50ms)
 GET /charging 200 in 30ms (next.js: 6ms, application-code: 25ms)
 GET /images/charging-page.jpg 404 in 49ms (next.js: 5ms, application-code: 44ms)
 GET /discover 200 in 27ms (next.js: 4ms, application-code: 23ms)
 GET /images/discover-page.jpg 404 in 65ms (next.js: 7ms, application-code: 58ms)
 GET /shop 200 in 24ms (next.js: 4ms, application-code: 19ms)
 GET /images/shop-page.jpg 404 in 49ms (next.js: 4ms, application-code: 44ms)
 GET /energy 200 in 23ms (next.js: 2ms, application-code: 21ms)
 GET /images/energy-page.jpg 404 in 55ms (next.js: 3ms, application-code: 52ms)
 GET /charging 200 in 22ms (next.js: 3ms, application-code: 19ms)
 GET /images/charging-page.jpg 404 in 42ms (next.js: 4ms, application-code: 39ms)
 GET /discover 200 in 37ms (next.js: 5ms, application-code: 32ms)
 GET /images/discover-page.jpg 404 in 83ms (next.js: 6ms, application-code: 77ms)
 GET /shop 200 in 22ms (next.js: 2ms, application-code: 20ms)
 GET /images/shop-page.jpg 404 in 45ms (next.js: 4ms, application-code: 41ms)
 GET /vehicles 200 in 40ms (next.js: 3ms, application-code: 36ms)
 GET /images/vehicles-page.jpg 404 in 49ms (next.js: 4ms, application-code: 45ms)
 GET / 200 in 35ms (next.js: 5ms, application-code: 30ms)
 GET /images/current-offers.jpg 404 in 283ms (next.js: 61ms, application-code: 222ms)
 GET /images/hero.jpg 404 in 286ms (next.js: 41ms, application-code: 246ms)
 GET /images/american-heroes.jpg 404 in 288ms (next.js: 19ms, application-code: 269ms)
 GET /images/solar-panels.jpg 404 in 153ms (next.js: 69ms, application-code: 84ms)
 GET /images/standard-features.jpg 404 in 155ms (next.js: 45ms, application-code: 110ms)
 GET /images/travel-safer.jpg 404 in 158ms (next.js: 23ms, application-code: 135ms)
 GET /images/powerwall.jpg 404 in 58ms (next.js: 9ms, application-code: 49ms)
 GET /vehicles 200 in 48ms (next.js: 4ms, application-code: 44ms)
 GET /images/vehicles-page.jpg 404 in 46ms (next.js: 5ms, application-code: 41ms)
 GET /energy 200 in 27ms (next.js: 3ms, application-code: 24ms)
 GET /images/energy-page.jpg 404 in 50ms (next.js: 4ms, application-code: 46ms)
 GET /charging 200 in 19ms (next.js: 2ms, application-code: 16ms)
 GET /images/charging-page.jpg 404 in 54ms (next.js: 5ms, application-code: 49ms)
 GET /discover 200 in 31ms (next.js: 4ms, application-code: 27ms)
 GET /images/discover-page.jpg 404 in 96ms (next.js: 7ms, application-code: 89ms)
 GET /shop 200 in 28ms (next.js: 4ms, application-code: 24ms)
 GET /images/shop-page.jpg 404 in 51ms (next.js: 4ms, application-code: 47ms)
 GET /vehicles 200 in 35ms (next.js: 3ms, application-code: 32ms)
 GET /images/vehicles-page.jpg 404 in 45ms (next.js: 3ms, application-code: 42ms)
 GET / 200 in 22ms (next.js: 2ms, application-code: 19ms)
 GET /images/current-offers.jpg 404 in 265ms (next.js: 49ms, application-code: 216ms)
 GET /images/hero.jpg 404 in 267ms (next.js: 25ms, application-code: 243ms)
 GET /images/standard-features.jpg 404 in 263ms (next.js: 122ms, application-code: 142ms)
 GET /images/travel-safer.jpg 404 in 265ms (next.js: 111ms, application-code: 155ms)
 GET /images/american-heroes.jpg 404 in 267ms (next.js: 99ms, application-code: 169ms)
 GET /images/solar-panels.jpg 404 in 265ms (next.js: 141ms, application-code: 125ms)
 GET /images/powerwall.jpg 404 in 58ms (next.js: 6ms, application-code: 53ms)
[?25h
