⨯ ./components/layout/Navbar.tsx:3:1
Export navbarLinks doesn't exist in target module
  [90m1 |[0m [36mimport[0m [33mLink[0m [36mfrom[0m [32m"next/link"[0m;
  [90m2 |[0m [36mimport[0m { [33mCircleHelp[0m, [33mGlobe[0m, [33mMenu[0m, [33mUserCircle[0m } [36mfrom[0m [32m"lucide-react"[0m;
[31m[1m>[0m [90m3 |[0m [36mimport[0m { navbarLinks } [36mfrom[0m [32m"@/data/home"[0m;
  [90m  |[0m [31m[1m^^^^^^^^^^^^^^^^^^^^^^^^^^^^^^^^^^^^^^^^^^[0m
  [90m4 |[0m
  [90m5 |[0m [36mexport[0m [36mfunction[0m [33mNavbar[0m() {
  [90m6 |[0m   [36mreturn[0m (

The export navbarLinks was not found in module [project]/data/home.ts [app-rsc] (ecmascript).
Did you mean to import energyCards?
All exports of the module are statically known (It doesn't have dynamic exports). So it's known statically that the requested export doesn't exist.

Import trace:
  Server Component:
    ./components/layout/Navbar.tsx
    ./app/layout.tsx


⨯ ./components/layout/Navbar.tsx:3:1
Export navbarLinks doesn't exist in target module
  [90m1 |[0m [36mimport[0m [33mLink[0m [36mfrom[0m [32m"next/link"[0m;
  [90m2 |[0m [36mimport[0m { [33mCircleHelp[0m, [33mGlobe[0m, [33mMenu[0m, [33mUserCircle[0m } [36mfrom[0m [32m"lucide-react"[0m;
[31m[1m>[0m [90m3 |[0m [36mimport[0m { navbarLinks } [36mfrom[0m [32m"@/data/home"[0m;
  [90m  |[0m [31m[1m^^^^^^^^^^^^^^^^^^^^^^^^^^^^^^^^^^^^^^^^^^[0m
  [90m4 |[0m
  [90m5 |[0m [36mexport[0m [36mfunction[0m [33mNavbar[0m() {
  [90m6 |[0m   [36mreturn[0m (

The export navbarLinks was not found in module [project]/data/home.ts [app-rsc] (ecmascript).
Did you mean to import energyCards?
All exports of the module are statically known (It doesn't have dynamic exports). So it's known statically that the requested export doesn't exist.

Import trace:
  Server Component:
    ./components/layout/Navbar.tsx
    ./app/layout.tsx


⨯ ./components/layout/Navbar.tsx:3:1
Export navbarLinks doesn't exist in target module
  [90m1 |[0m [36mimport[0m [33mLink[0m [36mfrom[0m [32m"next/link"[0m;
  [90m2 |[0m [36mimport[0m { [33mCircleHelp[0m, [33mGlobe[0m, [33mMenu[0m, [33mUserCircle[0m } [36mfrom[0m [32m"lucide-react"[0m;
[31m[1m>[0m [90m3 |[0m [36mimport[0m { navbarLinks } [36mfrom[0m [32m"@/data/home"[0m;
  [90m  |[0m [31m[1m^^^^^^^^^^^^^^^^^^^^^^^^^^^^^^^^^^^^^^^^^^[0m
  [90m4 |[0m
  [90m5 |[0m [36mexport[0m [36mfunction[0m [33mNavbar[0m() {
  [90m6 |[0m   [36mreturn[0m (

The export navbarLinks was not found in module [project]/data/home.ts [app-rsc] (ecmascript).
Did you mean to import energyCards?
All exports of the module are statically known (It doesn't have dynamic exports). So it's known statically that the requested export doesn't exist.

Import trace:
  Server Component:
    ./components/layout/Navbar.tsx
    ./app/layout.tsx


[browser] ./components/layout/Navbar.tsx:3:1
Export navbarLinks doesn't exist in target module
  1 | import Link from "next/link";
  2 | import { CircleHelp, Globe, Menu, UserCircle } from "lucide-react";
> 3 | import { navbarLinks } from "@/data/home";
    | ^^^^^^^^^^^^^^^^^^^^^^^^^^^^^^^^^^^^^^^^^^
  4 |
  5 | export function Navbar() {
  6 |   return (

The export navbarLinks was not found in module [project]/data/home.ts [app-rsc] (ecmascript).
Did you mean to import energyCards?
All exports of the module are statically known (It doesn't have dynamic exports). So it's known statically that the requested export doesn't exist.

Import trace:
  Server Component:
    ./components/layout/Navbar.tsx
    ./app/layout.tsx 
[browser] ./components/layout/Navbar.tsx:3:1
Export navbarLinks doesn't exist in target module
  1 | import Link from "next/link";
  2 | import { CircleHelp, Globe, Menu, UserCircle } from "lucide-react";
> 3 | import { navbarLinks } from "@/data/home";
    | ^^^^^^^^^^^^^^^^^^^^^^^^^^^^^^^^^^^^^^^^^^
  4 |
  5 | export function Navbar() {
  6 |   return (

The export navbarLinks was not found in module [project]/data/home.ts [app-rsc] (ecmascript).
Did you mean to import energyCards?
All exports of the module are statically known (It doesn't have dynamic exports). So it's known statically that the requested export doesn't exist.

Import trace:
  Server Component:
    ./components/layout/Navbar.tsx
    ./app/layout.tsx 
[browser] ./components/layout/Navbar.tsx:3:1
Export navbarLinks doesn't exist in target module
  1 | import Link from "next/link";
  2 | import { CircleHelp, Globe, Menu, UserCircle } from "lucide-react";
> 3 | import { navbarLinks } from "@/data/home";
    | ^^^^^^^^^^^^^^^^^^^^^^^^^^^^^^^^^^^^^^^^^^
  4 |
  5 | export function Navbar() {
  6 |   return (

The export navbarLinks was not found in module [project]/data/home.ts [app-rsc] (ecmascript).
Did you mean to import energyCards?
All exports of the module are statically known (It doesn't have dynamic exports). So it's known statically that the requested export doesn't exist.

Import trace:
  Server Component:
    ./components/layout/Navbar.tsx
    ./app/layout.tsx 
[browser] ./components/layout/Navbar.tsx:3:1
Export navbarLinks doesn't exist in target module
  1 | import Link from "next/link";
  2 | import { CircleHelp, Globe, Menu, UserCircle } from "lucide-react";
> 3 | import { navbarLinks } from "@/data/home";
    | ^^^^^^^^^^^^^^^^^^^^^^^^^^^^^^^^^^^^^^^^^^
  4 |
  5 | export function Navbar() {
  6 |   return (

The export navbarLinks was not found in module [project]/data/home.ts [app-rsc] (ecmascript).
Did you mean to import energyCards?
All exports of the module are statically known (It doesn't have dynamic exports). So it's known statically that the requested export doesn't exist.

Import trace:
  Server Component:
    ./components/layout/Navbar.tsx
    ./app/layout.tsx 
[browser] ./components/layout/Navbar.tsx:3:1
Export navbarLinks doesn't exist in target module
  1 | import Link from "next/link";
  2 | import { CircleHelp, Globe, Menu, UserCircle } from "lucide-react";
> 3 | import { navbarLinks } from "@/data/home";
    | ^^^^^^^^^^^^^^^^^^^^^^^^^^^^^^^^^^^^^^^^^^
  4 |
  5 | export function Navbar() {
  6 |   return (

The export navbarLinks was not found in module [project]/data/home.ts [app-rsc] (ecmascript).
Did you mean to import energyCards?
All exports of the module are statically known (It doesn't have dynamic exports). So it's known statically that the requested export doesn't exist.

Import trace:
  Server Component:
    ./components/layout/Navbar.tsx
    ./app/layout.tsx 
[browser] ./components/layout/Navbar.tsx:3:1
Export navbarLinks doesn't exist in target module
  1 | import Link from "next/link";
  2 | import { CircleHelp, Globe, Menu, UserCircle } from "lucide-react";
> 3 | import { navbarLinks } from "@/data/home";
    | ^^^^^^^^^^^^^^^^^^^^^^^^^^^^^^^^^^^^^^^^^^
  4 |
  5 | export function Navbar() {
  6 |   return (

The export navbarLinks was not found in module [project]/data/home.ts [app-rsc] (ecmascript).
Did you mean to import energyCards?
All exports of the module are statically known (It doesn't have dynamic exports). So it's known statically that the requested export doesn't exist.

Import trace:
  Server Component:
    ./components/layout/Navbar.tsx
    ./app/layout.tsx 
[browser] ./components/layout/Navbar.tsx:3:1
Export navbarLinks doesn't exist in target module
  1 | import Link from "next/link";
  2 | import { CircleHelp, Globe, Menu, UserCircle } from "lucide-react";
> 3 | import { navbarLinks } from "@/data/home";
    | ^^^^^^^^^^^^^^^^^^^^^^^^^^^^^^^^^^^^^^^^^^
  4 |
  5 | export function Navbar() {
  6 |   return (

The export navbarLinks was not found in module [project]/data/home.ts [app-rsc] (ecmascript).
Did you mean to import energyCards?
All exports of the module are statically known (It doesn't have dynamic exports). So it's known statically that the requested export doesn't exist.

Import trace:
  Server Component:
    ./components/layout/Navbar.tsx
    ./app/layout.tsx 
⨯ ./components/layout/Navbar.tsx:3:1
Export navbarLinks doesn't exist in target module
  [90m1 |[0m [36mimport[0m [33mLink[0m [36mfrom[0m [32m"next/link"[0m;
  [90m2 |[0m [36mimport[0m { [33mCircleHelp[0m, [33mGlobe[0m, [33mMenu[0m, [33mUserCircle[0m } [36mfrom[0m [32m"lucide-react"[0m;
[31m[1m>[0m [90m3 |[0m [36mimport[0m { navbarLinks } [36mfrom[0m [32m"@/data/home"[0m;
  [90m  |[0m [31m[1m^^^^^^^^^^^^^^^^^^^^^^^^^^^^^^^^^^^^^^^^^^[0m
  [90m4 |[0m
  [90m5 |[0m [36mexport[0m [36mfunction[0m [33mNavbar[0m() {
  [90m6 |[0m   [36mreturn[0m (

The export navbarLinks was not found in module [project]/data/home.ts [app-rsc] (ecmascript).
Did you mean to import energyCards?
All exports of the module are statically known (It doesn't have dynamic exports). So it's known statically that the requested export doesn't exist.

Import trace:
  Server Component:
    ./components/layout/Navbar.tsx
    ./app/layout.tsx


[browser] Uncaught Error: ./components/layout/Navbar.tsx:3:1
Export navbarLinks doesn't exist in target module
  1 | import Link from "next/link";
  2 | import { CircleHelp, Globe, Menu, UserCircle } from "lucide-react";
> 3 | import { navbarLinks } from "@/data/home";
    | ^^^^^^^^^^^^^^^^^^^^^^^^^^^^^^^^^^^^^^^^^^
  4 |
  5 | export function Navbar() {
  6 |   return (

The export navbarLinks was not found in module [project]/data/home.ts [app-rsc] (ecmascript).
Did you mean to import energyCards?
All exports of the module are statically known (It doesn't have dynamic exports). So it's known statically that the requested export doesn't exist.

Import trace:
  Server Component:
    ./components/layout/Navbar.tsx
    ./app/layout.tsx


    at <unknown> (Error: ./components/layout/Navbar.tsx:3:1)
    at <unknown> (Error: (./components/layout/Navbar.tsx:3:1)
[browser] ./components/layout/Navbar.tsx:3:1
Export navbarLinks doesn't exist in target module
  1 | import Link from "next/link";
  2 | import { CircleHelp, Globe, Menu, UserCircle } from "lucide-react";
> 3 | import { navbarLinks } from "@/data/home";
    | ^^^^^^^^^^^^^^^^^^^^^^^^^^^^^^^^^^^^^^^^^^
  4 |
  5 | export function Navbar() {
  6 |   return (

The export navbarLinks was not found in module [project]/data/home.ts [app-rsc] (ecmascript).
Did you mean to import energyCards?
All exports of the module are statically known (It doesn't have dynamic exports). So it's known statically that the requested export doesn't exist.

Import trace:
  Server Component:
    ./components/layout/Navbar.tsx
    ./app/layout.tsx 
[browser] ./components/layout/Navbar.tsx:3:1
Export navbarLinks doesn't exist in target module
  1 | import Link from "next/link";
  2 | import { CircleHelp, Globe, Menu, UserCircle } from "lucide-react";
> 3 | import { navbarLinks } from "@/data/home";
    | ^^^^^^^^^^^^^^^^^^^^^^^^^^^^^^^^^^^^^^^^^^
  4 |
  5 | export function Navbar() {
  6 |   return (

The export navbarLinks was not found in module [project]/data/home.ts [app-rsc] (ecmascript).
Did you mean to import energyCards?
All exports of the module are statically known (It doesn't have dynamic exports). So it's known statically that the requested export doesn't exist.

Import trace:
  Server Component:
    ./components/layout/Navbar.tsx
    ./app/layout.tsx 
[browser] ./components/layout/Navbar.tsx:3:1
Export navbarLinks doesn't exist in target module
  1 | import Link from "next/link";
  2 | import { CircleHelp, Globe, Menu, UserCircle } from "lucide-react";
> 3 | import { navbarLinks } from "@/data/home";
    | ^^^^^^^^^^^^^^^^^^^^^^^^^^^^^^^^^^^^^^^^^^
  4 |
  5 | export function Navbar() {
  6 |   return (

The export navbarLinks was not found in module [project]/data/home.ts [app-rsc] (ecmascript).
Did you mean to import energyCards?
All exports of the module are statically known (It doesn't have dynamic exports). So it's known statically that the requested export doesn't exist.

Import trace:
  Server Component:
    ./components/layout/Navbar.tsx
    ./app/layout.tsx 
⨯ ./components/layout/Navbar.tsx:3:1
Export navbarLinks doesn't exist in target module
  [90m1 |[0m [36mimport[0m [33mLink[0m [36mfrom[0m [32m"next/link"[0m;
  [90m2 |[0m [36mimport[0m { [33mCircleHelp[0m, [33mGlobe[0m, [33mMenu[0m, [33mUserCircle[0m } [36mfrom[0m [32m"lucide-react"[0m;
[31m[1m>[0m [90m3 |[0m [36mimport[0m { navbarLinks } [36mfrom[0m [32m"@/data/home"[0m;
  [90m  |[0m [31m[1m^^^^^^^^^^^^^^^^^^^^^^^^^^^^^^^^^^^^^^^^^^[0m
  [90m4 |[0m
  [90m5 |[0m [36mexport[0m [36mfunction[0m [33mNavbar[0m() {
  [90m6 |[0m   [36mreturn[0m (

The export navbarLinks was not found in module [project]/data/home.ts [app-rsc] (ecmascript).
Did you mean to import energyCards?
All exports of the module are statically known (It doesn't have dynamic exports). So it's known statically that the requested export doesn't exist.

Import trace:
  Server Component:
    ./components/layout/Navbar.tsx
    ./app/layout.tsx


[browser] Detected `scroll-behavior: smooth` on the `<html>` element. To disable smooth scrolling during route transitions, add `data-scroll-behavior="smooth"` to your <html> element. Learn more: https://nextjs.org/docs/messages/missing-data-scroll-behavior
[browser] Detected `scroll-behavior: smooth` on the `<html>` element. To disable smooth scrolling during route transitions, add `data-scroll-behavior="smooth"` to your <html> element. Learn more: https://nextjs.org/docs/messages/missing-data-scroll-behavior
[browser] Detected `scroll-behavior: smooth` on the `<html>` element. To disable smooth scrolling during route transitions, add `data-scroll-behavior="smooth"` to your <html> element. Learn more: https://nextjs.org/docs/messages/missing-data-scroll-behavior
[browser] Detected `scroll-behavior: smooth` on the `<html>` element. To disable smooth scrolling during route transitions, add `data-scroll-behavior="smooth"` to your <html> element. Learn more: https://nextjs.org/docs/messages/missing-data-scroll-behavior
[browser] Detected `scroll-behavior: smooth` on the `<html>` element. To disable smooth scrolling during route transitions, add `data-scroll-behavior="smooth"` to your <html> element. Learn more: https://nextjs.org/docs/messages/missing-data-scroll-behavior
[browser] Detected `scroll-behavior: smooth` on the `<html>` element. To disable smooth scrolling during route transitions, add `data-scroll-behavior="smooth"` to your <html> element. Learn more: https://nextjs.org/docs/messages/missing-data-scroll-behavior
[browser] Detected `scroll-behavior: smooth` on the `<html>` element. To disable smooth scrolling during route transitions, add `data-scroll-behavior="smooth"` to your <html> element. Learn more: https://nextjs.org/docs/messages/missing-data-scroll-behavior
[browser] Detected `scroll-behavior: smooth` on the `<html>` element. To disable smooth scrolling during route transitions, add `data-scroll-behavior="smooth"` to your <html> element. Learn more: https://nextjs.org/docs/messages/missing-data-scroll-behavior
⨯ Error: Cannot find module '@/components/page/ProductPage'
    at <unknown> (C:\Users\parva\OneDrive\Desktop\Project\Python_Fresh_Start\tesla-clone\.next\dev\server\chunks\ssr\[root-of-the-server]__0wz1-~k._.js:37:15)
    at module evaluation (C:\Users\parva\OneDrive\Desktop\Project\Python_Fresh_Start\tesla-clone\.next\dev\server\chunks\ssr\[root-of-the-server]__0wz1-~k._.js:40:3)
    at module evaluation (C:\Users\parva\OneDrive\Desktop\Project\Python_Fresh_Start\tesla-clone\.next\dev\server\chunks\ssr\[root-of-the-server]__0wz1-~k._.js:65:47) {
  code: 'MODULE_NOT_FOUND'
}
⨯ Error: Cannot find module '@/components/page/ProductPage'
    at <unknown> (C:\Users\parva\OneDrive\Desktop\Project\Python_Fresh_Start\tesla-clone\.next\dev\server\chunks\ssr\[root-of-the-server]__0wz1-~k._.js:37:15)
    at module evaluation (C:\Users\parva\OneDrive\Desktop\Project\Python_Fresh_Start\tesla-clone\.next\dev\server\chunks\ssr\[root-of-the-server]__0wz1-~k._.js:40:3)
    at module evaluation (C:\Users\parva\OneDrive\Desktop\Project\Python_Fresh_Start\tesla-clone\.next\dev\server\chunks\ssr\[root-of-the-server]__0wz1-~k._.js:65:47) {
  code: 'MODULE_NOT_FOUND',
  page: '/shop'
}
⨯ ./app/discover/page.tsx:4:1
Module not found: Can't resolve '@/data/pages'
  [90m2 |[0m
  [90m3 |[0m [36mimport[0m { [33mProductPage[0m } [36mfrom[0m [32m"@/components/page/ProductPage"[0m;
[31m[1m>[0m [90m4 |[0m [36mimport[0m { discoverPage } [36mfrom[0m [32m"@/data/pages"[0m;
  [90m  |[0m [31m[1m^^^^^^^^^^^^^^^^^^^^^^^^^^^^^^^^^^^^^^^^^^^^[0m
  [90m5 |[0m
  [90m6 |[0m [36mexport[0m [36mconst[0m metadata: [33mMetadata[0m = {
  [90m7 |[0m   title: discoverPage.title,

Import map: aliased to relative './data/pages' inside of [project]/


https://nextjs.org/docs/messages/module-not-found


⨯ ./app/discover/page.tsx:4:1
Module not found: Can't resolve '@/data/pages'
  [90m2 |[0m
  [90m3 |[0m [36mimport[0m { [33mProductPage[0m } [36mfrom[0m [32m"@/components/page/ProductPage"[0m;
[31m[1m>[0m [90m4 |[0m [36mimport[0m { discoverPage } [36mfrom[0m [32m"@/data/pages"[0m;
  [90m  |[0m [31m[1m^^^^^^^^^^^^^^^^^^^^^^^^^^^^^^^^^^^^^^^^^^^^[0m
  [90m5 |[0m
  [90m6 |[0m [36mexport[0m [36mconst[0m metadata: [33mMetadata[0m = {
  [90m7 |[0m   title: discoverPage.title,

Import map: aliased to relative './data/pages' inside of [project]/


https://nextjs.org/docs/messages/module-not-found


⨯ ./app/discover/page.tsx:3:1
Module not found: Can't resolve '@/components/page/ProductPage'
  [90m1 |[0m [36mimport[0m [36mtype[0m { [33mMetadata[0m } [36mfrom[0m [32m"next"[0m;
  [90m2 |[0m
[31m[1m>[0m [90m3 |[0m [36mimport[0m { [33mProductPage[0m } [36mfrom[0m [32m"@/components/page/ProductPage"[0m;
  [90m  |[0m [31m[1m^^^^^^^^^^^^^^^^^^^^^^^^^^^^^^^^^^^^^^^^^^^^^^^^^^^^^^^^^^^^[0m
  [90m4 |[0m [36mimport[0m { discoverPage } [36mfrom[0m [32m"@/data/pages"[0m;
  [90m5 |[0m
  [90m6 |[0m [36mexport[0m [36mconst[0m metadata: [33mMetadata[0m = {

Import map: aliased to relative './components/page/ProductPage' inside of [project]/


https://nextjs.org/docs/messages/module-not-found


⨯ ./app/discover/page.tsx:3:1
Module not found: Can't resolve '@/components/page/ProductPage'
  [90m1 |[0m [36mimport[0m [36mtype[0m { [33mMetadata[0m } [36mfrom[0m [32m"next"[0m;
  [90m2 |[0m
[31m[1m>[0m [90m3 |[0m [36mimport[0m { [33mProductPage[0m } [36mfrom[0m [32m"@/components/page/ProductPage"[0m;
  [90m  |[0m [31m[1m^^^^^^^^^^^^^^^^^^^^^^^^^^^^^^^^^^^^^^^^^^^^^^^^^^^^^^^^^^^^[0m
  [90m4 |[0m [36mimport[0m { discoverPage } [36mfrom[0m [32m"@/data/pages"[0m;
  [90m5 |[0m
  [90m6 |[0m [36mexport[0m [36mconst[0m metadata: [33mMetadata[0m = {

Import map: aliased to relative './components/page/ProductPage' inside of [project]/


https://nextjs.org/docs/messages/module-not-found


⨯ ./app/discover/page.tsx:4:1
Module not found: Can't resolve '@/data/pages'
  [90m2 |[0m
  [90m3 |[0m [36mimport[0m { [33mProductPage[0m } [36mfrom[0m [32m"@/components/page/ProductPage"[0m;
[31m[1m>[0m [90m4 |[0m [36mimport[0m { discoverPage } [36mfrom[0m [32m"@/data/pages"[0m;
  [90m  |[0m [31m[1m^^^^^^^^^^^^^^^^^^^^^^^^^^^^^^^^^^^^^^^^^^^^[0m
  [90m5 |[0m
  [90m6 |[0m [36mexport[0m [36mconst[0m metadata: [33mMetadata[0m = {
  [90m7 |[0m   title: discoverPage.title,

Import map: aliased to relative './data/pages' inside of [project]/


https://nextjs.org/docs/messages/module-not-found


⨯ ./app/discover/page.tsx:4:1
Module not found: Can't resolve '@/data/pages'
  [90m2 |[0m
  [90m3 |[0m [36mimport[0m { [33mProductPage[0m } [36mfrom[0m [32m"@/components/page/ProductPage"[0m;
[31m[1m>[0m [90m4 |[0m [36mimport[0m { discoverPage } [36mfrom[0m [32m"@/data/pages"[0m;
  [90m  |[0m [31m[1m^^^^^^^^^^^^^^^^^^^^^^^^^^^^^^^^^^^^^^^^^^^^[0m
  [90m5 |[0m
  [90m6 |[0m [36mexport[0m [36mconst[0m metadata: [33mMetadata[0m = {
  [90m7 |[0m   title: discoverPage.title,

Import map: aliased to relative './data/pages' inside of [project]/


https://nextjs.org/docs/messages/module-not-found


⨯ ./app/charging/page.tsx:4:1
Module not found: Can't resolve '@/data/pages'
  [90m2 |[0m
  [90m3 |[0m [36mimport[0m { [33mProductPage[0m } [36mfrom[0m [32m"@/components/page/ProductPage"[0m;
[31m[1m>[0m [90m4 |[0m [36mimport[0m { chargingPage } [36mfrom[0m [32m"@/data/pages"[0m;
  [90m  |[0m [31m[1m^^^^^^^^^^^^^^^^^^^^^^^^^^^^^^^^^^^^^^^^^^^^[0m
  [90m5 |[0m
  [90m6 |[0m [36mexport[0m [36mconst[0m metadata: [33mMetadata[0m = {
  [90m7 |[0m   title: chargingPage.title,

Import map: aliased to relative './data/pages' inside of [project]/


https://nextjs.org/docs/messages/module-not-found


⨯ ./app/charging/page.tsx:4:1
Module not found: Can't resolve '@/data/pages'
  [90m2 |[0m
  [90m3 |[0m [36mimport[0m { [33mProductPage[0m } [36mfrom[0m [32m"@/components/page/ProductPage"[0m;
[31m[1m>[0m [90m4 |[0m [36mimport[0m { chargingPage } [36mfrom[0m [32m"@/data/pages"[0m;
  [90m  |[0m [31m[1m^^^^^^^^^^^^^^^^^^^^^^^^^^^^^^^^^^^^^^^^^^^^[0m
  [90m5 |[0m
  [90m6 |[0m [36mexport[0m [36mconst[0m metadata: [33mMetadata[0m = {
  [90m7 |[0m   title: chargingPage.title,

Import map: aliased to relative './data/pages' inside of [project]/


https://nextjs.org/docs/messages/module-not-found


⨯ ./app/charging/page.tsx:3:1
Module not found: Can't resolve '@/components/page/ProductPage'
  [90m1 |[0m [36mimport[0m [36mtype[0m { [33mMetadata[0m } [36mfrom[0m [32m"next"[0m;
  [90m2 |[0m
[31m[1m>[0m [90m3 |[0m [36mimport[0m { [33mProductPage[0m } [36mfrom[0m [32m"@/components/page/ProductPage"[0m;
  [90m  |[0m [31m[1m^^^^^^^^^^^^^^^^^^^^^^^^^^^^^^^^^^^^^^^^^^^^^^^^^^^^^^^^^^^^[0m
  [90m4 |[0m [36mimport[0m { chargingPage } [36mfrom[0m [32m"@/data/pages"[0m;
  [90m5 |[0m
  [90m6 |[0m [36mexport[0m [36mconst[0m metadata: [33mMetadata[0m = {

Import map: aliased to relative './components/page/ProductPage' inside of [project]/


https://nextjs.org/docs/messages/module-not-found


⨯ ./app/charging/page.tsx:3:1
Module not found: Can't resolve '@/components/page/ProductPage'
  [90m1 |[0m [36mimport[0m [36mtype[0m { [33mMetadata[0m } [36mfrom[0m [32m"next"[0m;
  [90m2 |[0m
[31m[1m>[0m [90m3 |[0m [36mimport[0m { [33mProductPage[0m } [36mfrom[0m [32m"@/components/page/ProductPage"[0m;
  [90m  |[0m [31m[1m^^^^^^^^^^^^^^^^^^^^^^^^^^^^^^^^^^^^^^^^^^^^^^^^^^^^^^^^^^^^[0m
  [90m4 |[0m [36mimport[0m { chargingPage } [36mfrom[0m [32m"@/data/pages"[0m;
  [90m5 |[0m
  [90m6 |[0m [36mexport[0m [36mconst[0m metadata: [33mMetadata[0m = {

Import map: aliased to relative './components/page/ProductPage' inside of [project]/


https://nextjs.org/docs/messages/module-not-found


⨯ ./app/charging/page.tsx:4:1
Module not found: Can't resolve '@/data/pages'
  [90m2 |[0m
  [90m3 |[0m [36mimport[0m { [33mProductPage[0m } [36mfrom[0m [32m"@/components/page/ProductPage"[0m;
[31m[1m>[0m [90m4 |[0m [36mimport[0m { chargingPage } [36mfrom[0m [32m"@/data/pages"[0m;
  [90m  |[0m [31m[1m^^^^^^^^^^^^^^^^^^^^^^^^^^^^^^^^^^^^^^^^^^^^[0m
  [90m5 |[0m
  [90m6 |[0m [36mexport[0m [36mconst[0m metadata: [33mMetadata[0m = {
  [90m7 |[0m   title: chargingPage.title,

Import map: aliased to relative './data/pages' inside of [project]/


https://nextjs.org/docs/messages/module-not-found


⨯ ./app/charging/page.tsx:4:1
Module not found: Can't resolve '@/data/pages'
  [90m2 |[0m
  [90m3 |[0m [36mimport[0m { [33mProductPage[0m } [36mfrom[0m [32m"@/components/page/ProductPage"[0m;
[31m[1m>[0m [90m4 |[0m [36mimport[0m { chargingPage } [36mfrom[0m [32m"@/data/pages"[0m;
  [90m  |[0m [31m[1m^^^^^^^^^^^^^^^^^^^^^^^^^^^^^^^^^^^^^^^^^^^^[0m
  [90m5 |[0m
  [90m6 |[0m [36mexport[0m [36mconst[0m metadata: [33mMetadata[0m = {
  [90m7 |[0m   title: chargingPage.title,

Import map: aliased to relative './data/pages' inside of [project]/


https://nextjs.org/docs/messages/module-not-found


⨯ ./app/energy/page.tsx:4:1
Module not found: Can't resolve '@/data/pages'
  [90m2 |[0m
  [90m3 |[0m [36mimport[0m { [33mProductPage[0m } [36mfrom[0m [32m"@/components/page/ProductPage"[0m;
[31m[1m>[0m [90m4 |[0m [36mimport[0m { energyPage } [36mfrom[0m [32m"@/data/pages"[0m;
  [90m  |[0m [31m[1m^^^^^^^^^^^^^^^^^^^^^^^^^^^^^^^^^^^^^^^^^^[0m
  [90m5 |[0m
  [90m6 |[0m [36mexport[0m [36mconst[0m metadata: [33mMetadata[0m = {
  [90m7 |[0m   title: energyPage.title,

Import map: aliased to relative './data/pages' inside of [project]/


https://nextjs.org/docs/messages/module-not-found


⨯ ./app/energy/page.tsx:4:1
Module not found: Can't resolve '@/data/pages'
  [90m2 |[0m
  [90m3 |[0m [36mimport[0m { [33mProductPage[0m } [36mfrom[0m [32m"@/components/page/ProductPage"[0m;
[31m[1m>[0m [90m4 |[0m [36mimport[0m { energyPage } [36mfrom[0m [32m"@/data/pages"[0m;
  [90m  |[0m [31m[1m^^^^^^^^^^^^^^^^^^^^^^^^^^^^^^^^^^^^^^^^^^[0m
  [90m5 |[0m
  [90m6 |[0m [36mexport[0m [36mconst[0m metadata: [33mMetadata[0m = {
  [90m7 |[0m   title: energyPage.title,

Import map: aliased to relative './data/pages' inside of [project]/


https://nextjs.org/docs/messages/module-not-found


⨯ ./app/energy/page.tsx:3:1
Module not found: Can't resolve '@/components/page/ProductPage'
  [90m1 |[0m [36mimport[0m [36mtype[0m { [33mMetadata[0m } [36mfrom[0m [32m"next"[0m;
  [90m2 |[0m
[31m[1m>[0m [90m3 |[0m [36mimport[0m { [33mProductPage[0m } [36mfrom[0m [32m"@/components/page/ProductPage"[0m;
  [90m  |[0m [31m[1m^^^^^^^^^^^^^^^^^^^^^^^^^^^^^^^^^^^^^^^^^^^^^^^^^^^^^^^^^^^^[0m
  [90m4 |[0m [36mimport[0m { energyPage } [36mfrom[0m [32m"@/data/pages"[0m;
  [90m5 |[0m
  [90m6 |[0m [36mexport[0m [36mconst[0m metadata: [33mMetadata[0m = {

Import map: aliased to relative './components/page/ProductPage' inside of [project]/


https://nextjs.org/docs/messages/module-not-found


⨯ ./app/energy/page.tsx:3:1
Module not found: Can't resolve '@/components/page/ProductPage'
  [90m1 |[0m [36mimport[0m [36mtype[0m { [33mMetadata[0m } [36mfrom[0m [32m"next"[0m;
  [90m2 |[0m
[31m[1m>[0m [90m3 |[0m [36mimport[0m { [33mProductPage[0m } [36mfrom[0m [32m"@/components/page/ProductPage"[0m;
  [90m  |[0m [31m[1m^^^^^^^^^^^^^^^^^^^^^^^^^^^^^^^^^^^^^^^^^^^^^^^^^^^^^^^^^^^^[0m
  [90m4 |[0m [36mimport[0m { energyPage } [36mfrom[0m [32m"@/data/pages"[0m;
  [90m5 |[0m
  [90m6 |[0m [36mexport[0m [36mconst[0m metadata: [33mMetadata[0m = {

Import map: aliased to relative './components/page/ProductPage' inside of [project]/


https://nextjs.org/docs/messages/module-not-found


⨯ ./app/energy/page.tsx:4:1
Module not found: Can't resolve '@/data/pages'
  [90m2 |[0m
  [90m3 |[0m [36mimport[0m { [33mProductPage[0m } [36mfrom[0m [32m"@/components/page/ProductPage"[0m;
[31m[1m>[0m [90m4 |[0m [36mimport[0m { energyPage } [36mfrom[0m [32m"@/data/pages"[0m;
  [90m  |[0m [31m[1m^^^^^^^^^^^^^^^^^^^^^^^^^^^^^^^^^^^^^^^^^^[0m
  [90m5 |[0m
  [90m6 |[0m [36mexport[0m [36mconst[0m metadata: [33mMetadata[0m = {
  [90m7 |[0m   title: energyPage.title,

Import map: aliased to relative './data/pages' inside of [project]/


https://nextjs.org/docs/messages/module-not-found


⨯ ./app/energy/page.tsx:4:1
Module not found: Can't resolve '@/data/pages'
  [90m2 |[0m
  [90m3 |[0m [36mimport[0m { [33mProductPage[0m } [36mfrom[0m [32m"@/components/page/ProductPage"[0m;
[31m[1m>[0m [90m4 |[0m [36mimport[0m { energyPage } [36mfrom[0m [32m"@/data/pages"[0m;
  [90m  |[0m [31m[1m^^^^^^^^^^^^^^^^^^^^^^^^^^^^^^^^^^^^^^^^^^[0m
  [90m5 |[0m
  [90m6 |[0m [36mexport[0m [36mconst[0m metadata: [33mMetadata[0m = {
  [90m7 |[0m   title: energyPage.title,

Import map: aliased to relative './data/pages' inside of [project]/


https://nextjs.org/docs/messages/module-not-found


⨯ ./app/shop/page.tsx:4:1
Module not found: Can't resolve '@/data/pages'
  [90m2 |[0m
  [90m3 |[0m [36mimport[0m { [33mProductPage[0m } [36mfrom[0m [32m"@/components/page/ProductPage"[0m;
[31m[1m>[0m [90m4 |[0m [36mimport[0m { shopPage } [36mfrom[0m [32m"@/data/pages"[0m;
  [90m  |[0m [31m[1m^^^^^^^^^^^^^^^^^^^^^^^^^^^^^^^^^^^^^^^^[0m
  [90m5 |[0m
  [90m6 |[0m [36mexport[0m [36mconst[0m metadata: [33mMetadata[0m = {
  [90m7 |[0m   title: shopPage.title,

Import map: aliased to relative './data/pages' inside of [project]/


https://nextjs.org/docs/messages/module-not-found


⨯ ./app/shop/page.tsx:4:1
Module not found: Can't resolve '@/data/pages'
  [90m2 |[0m
  [90m3 |[0m [36mimport[0m { [33mProductPage[0m } [36mfrom[0m [32m"@/components/page/ProductPage"[0m;
[31m[1m>[0m [90m4 |[0m [36mimport[0m { shopPage } [36mfrom[0m [32m"@/data/pages"[0m;
  [90m  |[0m [31m[1m^^^^^^^^^^^^^^^^^^^^^^^^^^^^^^^^^^^^^^^^[0m
  [90m5 |[0m
  [90m6 |[0m [36mexport[0m [36mconst[0m metadata: [33mMetadata[0m = {
  [90m7 |[0m   title: shopPage.title,

Import map: aliased to relative './data/pages' inside of [project]/


https://nextjs.org/docs/messages/module-not-found


⨯ ./app/shop/page.tsx:3:1
Module not found: Can't resolve '@/components/page/ProductPage'
  [90m1 |[0m [36mimport[0m [36mtype[0m { [33mMetadata[0m } [36mfrom[0m [32m"next"[0m;
  [90m2 |[0m
[31m[1m>[0m [90m3 |[0m [36mimport[0m { [33mProductPage[0m } [36mfrom[0m [32m"@/components/page/ProductPage"[0m;
  [90m  |[0m [31m[1m^^^^^^^^^^^^^^^^^^^^^^^^^^^^^^^^^^^^^^^^^^^^^^^^^^^^^^^^^^^^[0m
  [90m4 |[0m [36mimport[0m { shopPage } [36mfrom[0m [32m"@/data/pages"[0m;
  [90m5 |[0m
  [90m6 |[0m [36mexport[0m [36mconst[0m metadata: [33mMetadata[0m = {

Import map: aliased to relative './components/page/ProductPage' inside of [project]/


https://nextjs.org/docs/messages/module-not-found


⨯ ./app/shop/page.tsx:3:1
Module not found: Can't resolve '@/components/page/ProductPage'
  [90m1 |[0m [36mimport[0m [36mtype[0m { [33mMetadata[0m } [36mfrom[0m [32m"next"[0m;
  [90m2 |[0m
[31m[1m>[0m [90m3 |[0m [36mimport[0m { [33mProductPage[0m } [36mfrom[0m [32m"@/components/page/ProductPage"[0m;
  [90m  |[0m [31m[1m^^^^^^^^^^^^^^^^^^^^^^^^^^^^^^^^^^^^^^^^^^^^^^^^^^^^^^^^^^^^[0m
  [90m4 |[0m [36mimport[0m { shopPage } [36mfrom[0m [32m"@/data/pages"[0m;
  [90m5 |[0m
  [90m6 |[0m [36mexport[0m [36mconst[0m metadata: [33mMetadata[0m = {

Import map: aliased to relative './components/page/ProductPage' inside of [project]/


https://nextjs.org/docs/messages/module-not-found


⨯ ./app/shop/page.tsx:4:1
Module not found: Can't resolve '@/data/pages'
  [90m2 |[0m
  [90m3 |[0m [36mimport[0m { [33mProductPage[0m } [36mfrom[0m [32m"@/components/page/ProductPage"[0m;
[31m[1m>[0m [90m4 |[0m [36mimport[0m { shopPage } [36mfrom[0m [32m"@/data/pages"[0m;
  [90m  |[0m [31m[1m^^^^^^^^^^^^^^^^^^^^^^^^^^^^^^^^^^^^^^^^[0m
  [90m5 |[0m
  [90m6 |[0m [36mexport[0m [36mconst[0m metadata: [33mMetadata[0m = {
  [90m7 |[0m   title: shopPage.title,

Import map: aliased to relative './data/pages' inside of [project]/


https://nextjs.org/docs/messages/module-not-found


⨯ ./app/shop/page.tsx:4:1
Module not found: Can't resolve '@/data/pages'
  [90m2 |[0m
  [90m3 |[0m [36mimport[0m { [33mProductPage[0m } [36mfrom[0m [32m"@/components/page/ProductPage"[0m;
[31m[1m>[0m [90m4 |[0m [36mimport[0m { shopPage } [36mfrom[0m [32m"@/data/pages"[0m;
  [90m  |[0m [31m[1m^^^^^^^^^^^^^^^^^^^^^^^^^^^^^^^^^^^^^^^^[0m
  [90m5 |[0m
  [90m6 |[0m [36mexport[0m [36mconst[0m metadata: [33mMetadata[0m = {
  [90m7 |[0m   title: shopPage.title,

Import map: aliased to relative './data/pages' inside of [project]/


https://nextjs.org/docs/messages/module-not-found


[browser] Detected `scroll-behavior: smooth` on the `<html>` element. To disable smooth scrolling during route transitions, add `data-scroll-behavior="smooth"` to your <html> element. Learn more: https://nextjs.org/docs/messages/missing-data-scroll-behavior
[browser] Detected `scroll-behavior: smooth` on the `<html>` element. To disable smooth scrolling during route transitions, add `data-scroll-behavior="smooth"` to your <html> element. Learn more: https://nextjs.org/docs/messages/missing-data-scroll-behavior
[browser] Detected `scroll-behavior: smooth` on the `<html>` element. To disable smooth scrolling during route transitions, add `data-scroll-behavior="smooth"` to your <html> element. Learn more: https://nextjs.org/docs/messages/missing-data-scroll-behavior
[browser] Detected `scroll-behavior: smooth` on the `<html>` element. To disable smooth scrolling during route transitions, add `data-scroll-behavior="smooth"` to your <html> element. Learn more: https://nextjs.org/docs/messages/missing-data-scroll-behavior
⨯ The requested resource isn't a valid image for /images/model-x.jpg received null
⨯ The requested resource isn't a valid image for /images/model-s.jpg received null
⨯ The requested resource isn't a valid image for /images/model-3.jpg received null
⨯ The requested resource isn't a valid image for /images/model-y.jpg received null
⨯ The requested resource isn't a valid image for /images/cybertruck.jpg received null
⨯ The requested resource isn't a valid image for /images/model-s.jpg received null
⨯ The requested resource isn't a valid image for /images/model-3.jpg received null
⨯ The requested resource isn't a valid image for /images/model-x.jpg received null
⨯ The requested resource isn't a valid image for /images/model-y.jpg received null
⨯ The requested resource isn't a valid image for /images/cybertruck.jpg received null
[browser] Detected `scroll-behavior: smooth` on the `<html>` element. To disable smooth scrolling during route transitions, add `data-scroll-behavior="smooth"` to your <html> element. Learn more: https://nextjs.org/docs/messages/missing-data-scroll-behavior
[browser] Detected `scroll-behavior: smooth` on the `<html>` element. To disable smooth scrolling during route transitions, add `data-scroll-behavior="smooth"` to your <html> element. Learn more: https://nextjs.org/docs/messages/missing-data-scroll-behavior
⨯ The requested resource isn't a valid image for /images/model-s.jpg received null
⨯ The requested resource isn't a valid image for /images/model-3.jpg received null
⨯ The requested resource isn't a valid image for /images/model-x.jpg received null
⨯ The requested resource isn't a valid image for /images/model-y.jpg received null
⨯ The requested resource isn't a valid image for /images/cybertruck.jpg received null
[browser] Detected `scroll-behavior: smooth` on the `<html>` element. To disable smooth scrolling during route transitions, add `data-scroll-behavior="smooth"` to your <html> element. Learn more: https://nextjs.org/docs/messages/missing-data-scroll-behavior
⨯ The requested resource isn't a valid image for /images/model-s.jpg received null
⨯ The requested resource isn't a valid image for /images/model-3.jpg received null
⨯ The requested resource isn't a valid image for /images/model-x.jpg received null
⨯ The requested resource isn't a valid image for /images/model-y.jpg received null
⨯ The requested resource isn't a valid image for /images/cybertruck.jpg received null
⨯ The requested resource isn't a valid image for /images/model-x.jpg received null
⨯ The requested resource isn't a valid image for /images/model-y.jpg received null
⨯ The requested resource isn't a valid image for /images/model-s.jpg received null
⨯ The requested resource isn't a valid image for /images/model-3.jpg received null
⨯ The requested resource isn't a valid image for /images/cybertruck.jpg received null
⚠ Fast Refresh had to perform a full reload when ./node_modules/next/dist/client/image-component.js changed. Read more: https://nextjs.org/docs/messages/fast-refresh-reload
[browser] Detected `scroll-behavior: smooth` on the `<html>` element. To disable smooth scrolling during route transitions, add `data-scroll-behavior="smooth"` to your <html> element. Learn more: https://nextjs.org/docs/messages/missing-data-scroll-behavior
⨯ The requested resource isn't a valid image for /images/model-s.jpg received null
⨯ The requested resource isn't a valid image for /images/model-3.jpg received null
⨯ The requested resource isn't a valid image for /images/model-x.jpg received null
⨯ The requested resource isn't a valid image for /images/model-y.jpg received null
⨯ The requested resource isn't a valid image for /images/cybertruck.jpg received null
⨯ The requested resource isn't a valid image for /images/model-s.jpg received null
⨯ The requested resource isn't a valid image for /images/model-3.jpg received null
⨯ The requested resource isn't a valid image for /images/model-x.jpg received null
⨯ The requested resource isn't a valid image for /images/model-y.jpg received null
⨯ The requested resource isn't a valid image for /images/cybertruck.jpg received null
⚠ Fast Refresh had to perform a full reload when ./node_modules/next/dist/client/image-component.js changed. Read more: https://nextjs.org/docs/messages/fast-refresh-reload
[browser] Detected `scroll-behavior: smooth` on the `<html>` element. To disable smooth scrolling during route transitions, add `data-scroll-behavior="smooth"` to your <html> element. Learn more: https://nextjs.org/docs/messages/missing-data-scroll-behavior
⨯ The requested resource isn't a valid image for /images/model-s.jpg received null
⨯ The requested resource isn't a valid image for /images/model-x.jpg received null
⨯ The requested resource isn't a valid image for /images/model-3.jpg received null
⨯ The requested resource isn't a valid image for /images/model-y.jpg received null
⨯ The requested resource isn't a valid image for /images/cybertruck.jpg received null
⨯ The requested resource isn't a valid image for /images/model-s.jpg received null
⚠ Fast Refresh had to perform a full reload when ./node_modules/next/dist/client/image-component.js changed. Read more: https://nextjs.org/docs/messages/fast-refresh-reload
[browser] Detected `scroll-behavior: smooth` on the `<html>` element. To disable smooth scrolling during route transitions, add `data-scroll-behavior="smooth"` to your <html> element. Learn more: https://nextjs.org/docs/messages/missing-data-scroll-behavior
⨯ The requested resource isn't a valid image for /images/model-s.jpg received null
⨯ The requested resource isn't a valid image for /images/model-3.jpg received null
⨯ The requested resource isn't a valid image for /images/model-x.jpg received null
⨯ The requested resource isn't a valid image for /images/model-y.jpg received null
⨯ The requested resource isn't a valid image for /images/cybertruck.jpg received null
⨯ The requested resource isn't a valid image for /images/model-s.jpg received null
[browser] Detected `scroll-behavior: smooth` on the `<html>` element. To disable smooth scrolling during route transitions, add `data-scroll-behavior="smooth"` to your <html> element. Learn more: https://nextjs.org/docs/messages/missing-data-scroll-behavior
⨯ The requested resource isn't a valid image for /images/model-s.jpg received null
⨯ The requested resource isn't a valid image for /images/model-x.jpg received null
⨯ The requested resource isn't a valid image for /images/model-3.jpg received null
⨯ The requested resource isn't a valid image for /images/model-y.jpg received null
⨯ The requested resource isn't a valid image for /images/cybertruck.jpg received null
⨯ The requested resource isn't a valid image for /images/model-s.jpg received null
⨯ The requested resource isn't a valid image for /images/model-3.jpg received null
⨯ The requested resource isn't a valid image for /images/model-x.jpg received null
⨯ The requested resource isn't a valid image for /images/model-y.jpg received null
⨯ The requested resource isn't a valid image for /images/cybertruck.jpg received null
⨯ The requested resource isn't a valid image for /images/model-s.jpg received null
⨯ The requested resource isn't a valid image for /images/model-s.jpg received null
⨯ The requested resource isn't a valid image for /images/model-3.jpg received null
⨯ The requested resource isn't a valid image for /images/model-x.jpg received null
⨯ The requested resource isn't a valid image for /images/model-y.jpg received null
⨯ The requested resource isn't a valid image for /images/cybertruck.jpg received null
[browser] Detected `scroll-behavior: smooth` on the `<html>` element. To disable smooth scrolling during route transitions, add `data-scroll-behavior="smooth"` to your <html> element. Learn more: https://nextjs.org/docs/messages/missing-data-scroll-behavior
⨯ The requested resource isn't a valid image for /images/model-3.jpg received null
⨯ The requested resource isn't a valid image for /images/model-x.jpg received null
⨯ The requested resource isn't a valid image for /images/model-s.jpg received null
⨯ The requested resource isn't a valid image for /images/model-y.jpg received null
⨯ The requested resource isn't a valid image for /images/cybertruck.jpg received null
⨯ The requested resource isn't a valid image for /images/model-s.jpg received null
⨯ The requested resource isn't a valid image for /images/model-3.jpg received null
⨯ The requested resource isn't a valid image for /images/model-x.jpg received null
⨯ The requested resource isn't a valid image for /images/model-y.jpg received null
⨯ The requested resource isn't a valid image for /images/cybertruck.jpg received null
⨯ The requested resource isn't a valid image for /images/model-s.jpg received null
⨯ The requested resource isn't a valid image for /images/model-3.jpg received null
⨯ The requested resource isn't a valid image for /images/model-x.jpg received null
⨯ The requested resource isn't a valid image for /images/model-y.jpg received null
⨯ The requested resource isn't a valid image for /images/cybertruck.jpg received null
⨯ The requested resource isn't a valid image for /images/model-3.jpg received null
⨯ The requested resource isn't a valid image for /images/model-3.jpg received null
⨯ The requested resource isn't a valid image for /images/model-s.jpg received null
⨯ The requested resource isn't a valid image for /images/model-x.jpg received null
⨯ The requested resource isn't a valid image for /images/cybertruck.jpg received null
⨯ The requested resource isn't a valid image for /images/model-s.jpg received null
⨯ The requested resource isn't a valid image for /images/model-x.jpg received null
⨯ The requested resource isn't a valid image for /images/cybertruck.jpg received null
⨯ The requested resource isn't a valid image for /images/model-s.jpg received null
⨯ The requested resource isn't a valid image for /images/model-x.jpg received null
⨯ The requested resource isn't a valid image for /images/cybertruck.jpg received null
⨯ The requested resource isn't a valid image for /images/cybertruck.jpg received null
[browser] Image with src "/images/order/model-3/stealth-grey.jpeg" was detected as the Largest Contentful Paint (LCP). Please add the `loading="eager"` property if this image is above the fold.
Read more: https://nextjs.org/docs/app/api-reference/components/image#loading
[browser] Detected `scroll-behavior: smooth` on the `<html>` element. To disable smooth scrolling during route transitions, add `data-scroll-behavior="smooth"` to your <html> element. Learn more: https://nextjs.org/docs/messages/missing-data-scroll-behavior
